/subjects/001/mri
/usr/local/freesurfer/bin/talairach_avi
--i orig_nu.mgz --xfm transforms/talairach.auto.xfm
talairach_avi 7.4.1
Linux c42d11251d7b 6.6.87.2-microsoft-standard-WSL2 #1 SMP PREEMPT_DYNAMIC Thu Jun  5 18:30:46 UTC 2025 x86_64 x86_64 x86_64 GNU/Linux
Sun Nov 16 18:46:06 UTC 2025
mri_convert orig_nu.mgz talsrcimg.img 
reading from orig_nu.mgz...
TR=8.70, TE=0.00, TI=0.00, flip angle=0.00
i_ras = (-1, 0, 0)
j_ras = (0, 7.45058e-09, -1)
k_ras = (0, 1, 7.45058e-09)
writing to talsrcimg.img...
Analyze Output Matrix
-1.00000   0.00000   0.00000   126.97661;
 0.00000   0.00000   1.00000  -130.97107;
 0.00000  -1.00000   0.00000   112.43297;
 0.00000   0.00000   0.00000   1.00000;
--------------------
INFO: set hdr.hist.orient to -1
mpr2mni305 talsrcimg
Sun Nov 16 18:46:07 UTC 2025
/usr/local/freesurfer/bin/mpr2mni305 talsrcimg
mpr2mni305 7.4.1
target=711-2C_as_mni_average_305

---------------------------------------------------------------------
analyzeto4dfp talsrcimg -O0 -y
---------------------------------------------------------------------

freesurfer ifh2hdr.c
Sun Nov 16 18:46:07 2025
Writing: talsrcimg.4dfp.hdr
freesurfer analyzeto4dfp.c
Reading: talsrcimg.hdr
header size 348 bytes
hdr.dime.datatype	offset=70	value=2
hdr.dime.bitpix		offset=72	value=8
hdr.hist.orient		offset=252	value=-1
dimensionality     4
dimensions       256       256       256         1
Reading: talsrcimg.img
Writing: talsrcimg.4dfp.img
Writing: talsrcimg.4dfp.ifh
ifh2hdr talsrcimg -r0to205
ori=2

---------------------------------------------------------------------
gauss_4dfp talsrcimg 1.1
---------------------------------------------------------------------

freesurfer gauss_4dfp.c
Reading: talsrcimg.4dfp.img
Writing: talsrcimg_g11.4dfp.img
image dimensions 256 256 256 padded to 288 288 288
processing volume 1freesurfer ifh2hdr.c
Sun Nov 16 18:46:11 2025
Writing: talsrcimg_g11.4dfp.hdr

Writing: talsrcimg_g11.4dfp.ifh
including: talsrcimg.4dfp.img.rec in talsrcimg_g11.4dfp.img.rec

---------------------------------------------------------------------
imgreg_4dfp /usr/local/freesurfer/average/711-2C_as_mni_average_305 none talsrcimg_g11 none talsrcimg_to_711-2C_as_mni_average_305_t4 4355
---------------------------------------------------------------------

freesurfer imgreg_4dfp.c
/usr/local/freesurfer/average/711-2C_as_mni_average_305.4dfp.img
       256       256       256         1
  1.000000  1.000000  1.000000
orientation T byte_order littleendian
Reading image: /usr/local/freesurfer/average/711-2C_as_mni_average_305.4dfp.img
dimensions:      256       256       256
mmppix:       1.0000   -1.0000   -1.0000
center:     128.0000 -129.0000 -129.0000
talsrcimg_g11.4dfp.img
       256       256       256         1
  1.000000  1.000000  1.000000
orientation T byte_order littleendian
Reading image: talsrcimg_g11.4dfp.img
dimensions:      256       256       256
mmppix:       1.0000   -1.0000   -1.0000
center:     128.0000 -129.0000 -129.0000
t4_read: open error in t4_sub.f l:  41 t4_file(1:l)talsrcimg_to_711-2C_as_mni_average_305_t4 
t4_read: transform initialized to I4
rotation matrix determinant  1.000000
image alignment mode   4355 decimal     1103 hex
   -7.5000  -45.0000  -45.0000 9200.8848   12.9473
    0.0000  -45.0000  -45.0000 9541.6230   12.9286
    7.5000  -45.0000  -45.0000 9108.8350   12.9343
   -7.5000  -37.5000  -45.0000 9500.7197   12.9484
    0.0000  -37.5000  -45.0000 9826.4268   12.9364
    7.5000  -37.5000  -45.0000 9348.8818   12.9445
   -7.5000  -30.0000  -45.0000 9864.2129   12.8914
    0.0000  -30.0000  -45.000010195.9316   12.8788
    7.5000  -30.0000  -45.0000 9688.1201   12.8846
   -7.5000  -22.5000  -45.000010074.9014   12.8434
    0.0000  -22.5000  -45.000010410.8066   12.8230
    7.5000  -22.5000  -45.0000 9883.8877   12.8230
   -7.5000  -15.0000  -45.000010158.7363   12.7995
    0.0000  -15.0000  -45.000010485.2129   12.7719
    7.5000  -15.0000  -45.0000 9981.5898   12.7696
   -7.5000   -7.5000  -45.000010166.3135   12.7703
    0.0000   -7.5000  -45.000010524.8232   12.7443
    7.5000   -7.5000  -45.000010019.9580   12.7453
   -7.5000    0.0000  -45.000010104.0674   12.7608
    0.0000    0.0000  -45.000010481.0625   12.7424
    7.5000    0.0000  -45.0000 9985.0654   12.7477
   -7.5000    7.5000  -45.0000 9382.3594   12.8012
    0.0000    7.5000  -45.0000 9740.7510   12.7890
    7.5000    7.5000  -45.0000 9273.8281   12.7968
   -7.5000   15.0000  -45.0000 8764.1836   13.1234
    0.0000   15.0000  -45.0000 9084.9131   13.1100
    7.5000   15.0000  -45.0000 8654.9531   13.1128
   -7.5000   22.5000  -45.0000 8217.2852   13.6568
    0.0000   22.5000  -45.0000 8523.0361   13.6338
    7.5000   22.5000  -45.0000 8103.9570   13.6308
   -7.5000   30.0000  -45.0000 7674.4468   14.1339
    0.0000   30.0000  -45.0000 8000.0332   14.1020
    7.5000   30.0000  -45.0000 7595.4971   14.0917
   -7.5000   37.5000  -45.0000 7446.7183   14.8586
    0.0000   37.5000  -45.0000 7790.3433   14.8248
    7.5000   37.5000  -45.0000 7384.7559   14.8167
   -7.5000   45.0000  -45.0000 6943.1157   15.2899
    0.0000   45.0000  -45.0000 7275.0845   15.2614
    7.5000   45.0000  -45.0000 6881.0024   15.2611
   -7.5000  -45.0000  -37.5000 9834.7842   12.7450
    0.0000  -45.0000  -37.500010223.8018   12.7229
    7.5000  -45.0000  -37.5000 9777.7734   12.7312
   -7.5000  -37.5000  -37.500010155.6885   12.7455
    0.0000  -37.5000  -37.500010530.7969   12.7306
    7.5000  -37.5000  -37.500010012.7734   12.7430
   -7.5000  -30.0000  -37.500010519.9062   12.6883
    0.0000  -30.0000  -37.500010891.9932   12.6747
    7.5000  -30.0000  -37.500010346.7070   12.6847
   -7.5000  -22.5000  -37.500010714.8447   12.6409
    0.0000  -22.5000  -37.500011073.7197   12.6205
    7.5000  -22.5000  -37.500010538.9570   12.6227
   -7.5000  -15.0000  -37.500010804.8574   12.5991
    0.0000  -15.0000  -37.500011139.0107   12.5716
    7.5000  -15.0000  -37.500010614.2236   12.5700
   -7.5000   -7.5000  -37.500010839.0977   12.5722
    0.0000   -7.5000  -37.500011184.9873   12.5448
    7.5000   -7.5000  -37.500010662.9863   12.5467
   -7.5000    0.0000  -37.500010786.3086   12.5640
    0.0000    0.0000  -37.500011148.5107   12.5423
    7.5000    0.0000  -37.500010644.4395   12.5503
   -7.5000    7.5000  -37.500010010.1143   12.6026
    0.0000    7.5000  -37.500010357.5566   12.5876
    7.5000    7.5000  -37.5000 9865.9102   12.5997
   -7.5000   15.0000  -37.5000 9285.9707   12.9130
    0.0000   15.0000  -37.5000 9638.4033   12.8978
    7.5000   15.0000  -37.5000 9180.9014   12.9054
   -7.5000   22.5000  -37.5000 8667.0420   13.4316
    0.0000   22.5000  -37.5000 9011.2246   13.4083
    7.5000   22.5000  -37.5000 8593.5605   13.4073
   -7.5000   30.0000  -37.5000 8097.3428   13.9104
    0.0000   30.0000  -37.5000 8441.9844   13.8777
    7.5000   30.0000  -37.5000 8034.5664   13.8674
   -7.5000   37.5000  -37.5000 7858.6372   14.6327
    0.0000   37.5000  -37.5000 8205.3564   14.5961
    7.5000   37.5000  -37.5000 7806.3843   14.5873
   -7.5000   45.0000  -37.5000 7323.0142   15.0599
    0.0000   45.0000  -37.5000 7659.1226   15.0278
    7.5000   45.0000  -37.5000 7268.5869   15.0263
   -7.5000  -45.0000  -30.000010716.9941   13.2096
    0.0000  -45.0000  -30.000011159.1797   13.1813
    7.5000  -45.0000  -30.000010675.4053   13.1894
   -7.5000  -37.5000  -30.000011017.8711   13.2111
    0.0000  -37.5000  -30.000011442.6807   13.1885
    7.5000  -37.5000  -30.000010925.1729   13.2016
   -7.5000  -30.0000  -30.000011405.4297   13.1542
    0.0000  -30.0000  -30.000011833.5107   13.1348
    7.5000  -30.0000  -30.000011308.9033   13.1466
   -7.5000  -22.5000  -30.000011613.7822   13.1064
    0.0000  -22.5000  -30.000012019.5791   13.0841
    7.5000  -22.5000  -30.000011477.1758   13.0879
   -7.5000  -15.0000  -30.000011707.3838   13.0621
    0.0000  -15.0000  -30.000012087.5615   13.0351
    7.5000  -15.0000  -30.000011532.8057   13.0348
   -7.5000   -7.5000  -30.000011766.2637   13.0323
    0.0000   -7.5000  -30.000012142.1348   13.0032
    7.5000   -7.5000  -30.000011582.0703   13.0056
   -7.5000    0.0000  -30.000011707.3467   13.0233
    0.0000    0.0000  -30.000012119.7031   12.9957
    7.5000    0.0000  -30.000011568.4102   13.0034
   -7.5000    7.5000  -30.000010833.8447   13.0640
    0.0000    7.5000  -30.000011239.6797   13.0417
    7.5000    7.5000  -30.000010707.5742   13.0543
   -7.5000   15.0000  -30.000010013.9307   13.3844
    0.0000   15.0000  -30.000010404.1016   13.3630
    7.5000   15.0000  -30.0000 9911.1758   13.3727
   -7.5000   22.5000  -30.0000 9339.1523   13.9201
    0.0000   22.5000  -30.0000 9694.1328   13.8933
    7.5000   22.5000  -30.0000 9247.8945   13.8944
   -7.5000   30.0000  -30.0000 8733.1387   14.4253
    0.0000   30.0000  -30.0000 9071.7178   14.3918
    7.5000   30.0000  -30.0000 8645.4023   14.3845
   -7.5000   37.5000  -30.0000 8431.1143   15.1804
    0.0000   37.5000  -30.0000 8798.5811   15.1406
    7.5000   37.5000  -30.0000 8384.8955   15.1332
   -7.5000   45.0000  -30.0000 7838.5957   15.6374
    0.0000   45.0000  -30.0000 8186.7217   15.5971
    7.5000   45.0000  -30.0000 7788.1016   15.5928
   -7.5000  -45.0000  -22.500011710.1016   13.6489
    0.0000  -45.0000  -22.500012166.4570   13.6191
    7.5000  -45.0000  -22.500011589.4854   13.6237
   -7.5000  -37.5000  -22.500011978.9365   13.6520
    0.0000  -37.5000  -22.500012426.9922   13.6247
    7.5000  -37.5000  -22.500011837.1562   13.6337
   -7.5000  -30.0000  -22.500012407.6885   13.5978
    0.0000  -30.0000  -22.500012873.0195   13.5734
    7.5000  -30.0000  -22.500012261.7422   13.5829
   -7.5000  -22.5000  -22.500012596.4082   13.5512
    0.0000  -22.5000  -22.500013057.1172   13.5273
    7.5000  -22.5000  -22.500012449.0059   13.5315
   -7.5000  -15.0000  -22.500012657.1123   13.5037
    0.0000  -15.0000  -22.500013112.6133   13.4787
    7.5000  -15.0000  -22.500012502.4072   13.4796
   -7.5000   -7.5000  -22.500012710.3105   13.4688
    0.0000   -7.5000  -22.500013148.8984   13.4413
    7.5000   -7.5000  -22.500012544.7480   13.4430
   -7.5000    0.0000  -22.500012679.4824   13.4572
    0.0000    0.0000  -22.500013139.7012   13.4280
    7.5000    0.0000  -22.500012534.3066   13.4323
   -7.5000    7.5000  -22.500011714.3174   13.5009
    0.0000    7.5000  -22.500012156.5176   13.4738
    7.5000    7.5000  -22.500011574.8379   13.4824
   -7.5000   15.0000  -22.500010842.5869   13.8338
    0.0000   15.0000  -22.500011248.3828   13.8076
    7.5000   15.0000  -22.500010711.5225   13.8149
   -7.5000   22.5000  -22.500010077.5967   14.3909
    0.0000   22.5000  -22.500010443.6494   14.3621
    7.5000   22.5000  -22.5000 9963.2686   14.3643
   -7.5000   30.0000  -22.5000 9400.0820   14.9125
    0.0000   30.0000  -22.5000 9732.5635   14.8815
    7.5000   30.0000  -22.5000 9290.4688   14.8777
   -7.5000   37.5000  -22.5000 9043.0371   15.6909
    0.0000   37.5000  -22.5000 9400.3975   15.6540
    7.5000   37.5000  -22.5000 8975.4307   15.6467
   -7.5000   45.0000  -22.5000 8393.2910   16.1680
    0.0000   45.0000  -22.5000 8749.7930   16.1250
    7.5000   45.0000  -22.5000 8328.6240   16.1167
   -7.5000  -45.0000  -15.000012762.5830   13.9712
    0.0000  -45.0000  -15.000013241.2979   13.9453
    7.5000  -45.0000  -15.000012518.9619   13.9462
   -7.5000  -37.5000  -15.000013049.6416   13.9735
    0.0000  -37.5000  -15.000013505.9883   13.9484
    7.5000  -37.5000  -15.000012746.9189   13.9522
   -7.5000  -30.0000  -15.000013516.3477   13.9197
    0.0000  -30.0000  -15.000013998.8301   13.8951
    7.5000  -30.0000  -15.000013206.3115   13.9003
   -7.5000  -22.5000  -15.000013666.5537   13.8745
    0.0000  -22.5000  -15.000014180.3311   13.8497
    7.5000  -22.5000  -15.000013411.6396   13.8521
   -7.5000  -15.0000  -15.000013704.7979   13.8268
    0.0000  -15.0000  -15.000014229.1914   13.8018
    7.5000  -15.0000  -15.000013468.0605   13.8022
   -7.5000   -7.5000  -15.000013738.2285   13.7897
    0.0000   -7.5000  -15.000014244.1875   13.7644
    7.5000   -7.5000  -15.000013498.6943   13.7644
   -7.5000    0.0000  -15.000013712.6367   13.7754
    0.0000    0.0000  -15.000014225.5107   13.7499
    7.5000    0.0000  -15.000013479.0977   13.7506
   -7.5000    7.5000  -15.000012657.6777   13.8192
    0.0000    7.5000  -15.000013133.2861   13.7943
    7.5000    7.5000  -15.000012445.5566   13.7977
   -7.5000   15.0000  -15.000011699.6182   14.1610
    0.0000   15.0000  -15.000012129.2783   14.1355
    7.5000   15.0000  -15.000011499.9463   14.1379
   -7.5000   22.5000  -15.000010841.8027   14.7347
    0.0000   22.5000  -15.000011232.2920   14.7058
    7.5000   22.5000  -15.000010664.2529   14.7064
   -7.5000   30.0000  -15.000010074.8936   15.2662
    0.0000   30.0000  -15.000010455.6455   15.2370
    7.5000   30.0000  -15.0000 9937.0547   15.2334
   -7.5000   37.5000  -15.0000 9689.3623   16.0591
    0.0000   37.5000  -15.000010082.8867   16.0264
    7.5000   37.5000  -15.0000 9591.5947   16.0181
   -7.5000   45.0000  -15.0000 8968.4492   16.5501
    0.0000   45.0000  -15.0000 9339.8975   16.5111
    7.5000   45.0000  -15.0000 8878.5918   16.5015
   -7.5000  -45.0000   -7.500013879.8223   14.1315
    0.0000  -45.0000   -7.500014311.1162   14.1112
    7.5000  -45.0000   -7.500013461.1973   14.1132
   -7.5000  -37.5000   -7.500014162.5244   14.1312
    0.0000  -37.5000   -7.500014608.7627   14.1144
    7.5000  -37.5000   -7.500013709.8506   14.1186
   -7.5000  -30.0000   -7.500014670.0264   14.0749
    0.0000  -30.0000   -7.500015167.8848   14.0564
    7.5000  -30.0000   -7.500014211.8545   14.0599
   -7.5000  -22.5000   -7.500014821.2021   14.0297
    0.0000  -22.5000   -7.500015353.5488   14.0057
    7.5000  -22.5000   -7.500014420.1025   14.0055
   -7.5000  -15.0000   -7.500014861.2451   13.9842
    0.0000  -15.0000   -7.500015401.5771   13.9563
    7.5000  -15.0000   -7.500014491.6094   13.9545
   -7.5000   -7.5000   -7.500014888.3135   13.9485
    0.0000   -7.5000   -7.500015461.1670   13.9230
    7.5000   -7.5000   -7.500014554.4531   13.9226
   -7.5000    0.0000   -7.500014869.2178   13.9332
    0.0000    0.0000   -7.500015440.9590   13.9131
    7.5000    0.0000   -7.500014506.7295   13.9149
   -7.5000    7.5000   -7.500013702.1055   13.9749
    0.0000    7.5000   -7.500014234.5928   13.9580
    7.5000    7.5000   -7.500013347.3301   13.9618
   -7.5000   15.0000   -7.500012646.5781   14.3206
    0.0000   15.0000   -7.500013114.3076   14.3017
    7.5000   15.0000   -7.500012330.2607   14.3020
   -7.5000   22.5000   -7.500011716.3877   14.9004
    0.0000   22.5000   -7.500012150.1221   14.8735
    7.5000   22.5000   -7.500011433.8184   14.8708
   -7.5000   30.0000   -7.500010870.4336   15.4405
    0.0000   30.0000   -7.500011294.3008   15.4093
    7.5000   30.0000   -7.500010640.2158   15.4015
   -7.5000   37.5000   -7.500010456.0879   16.2416
    0.0000   37.5000   -7.500010911.9883   16.2092
    7.5000   37.5000   -7.500010275.9453   16.1998
   -7.5000   45.0000   -7.5000 9659.9541   16.7432
    0.0000   45.0000   -7.500010087.8955   16.7115
    7.5000   45.0000   -7.5000 9493.2646   16.7062
   -7.5000  -45.0000    0.000014931.8193   14.1631
    0.0000  -45.0000    0.000015327.1953   14.1439
    7.5000  -45.0000    0.000014398.2637   14.1500
   -7.5000  -37.5000    0.000015257.3467   14.1608
    0.0000  -37.5000    0.000015674.8115   14.1489
    7.5000  -37.5000    0.000014648.7568   14.1579
   -7.5000  -30.0000    0.000015880.8203   14.0998
    0.0000  -30.0000    0.000016330.3125   14.0868
    7.5000  -30.0000    0.000015232.4580   14.0928
   -7.5000  -22.5000    0.000016046.1846   14.0524
    0.0000  -22.5000    0.000016567.8672   14.0300
    7.5000  -22.5000    0.000015413.4668   14.0290
   -7.5000  -15.0000    0.000016076.4072   14.0088
    0.0000  -15.0000    0.000016660.0410   13.9785
    7.5000  -15.0000    0.000015476.1006   13.9747
   -7.5000   -7.5000    0.000016127.6758   13.9771
    0.0000   -7.5000    0.000016763.9180   13.9493
    7.5000   -7.5000    0.000015539.7510   13.9494
   -7.5000    0.0000    0.000016037.6719   13.9635
    0.0000    0.0000    0.000016666.7500   13.9447
    7.5000    0.0000    0.000015428.0303   13.9504
   -7.5000    7.5000    0.000014779.7627   14.0033
    0.0000    7.5000    0.000015300.4697   13.9913
    7.5000    7.5000    0.000014178.4980   14.0000
   -7.5000   15.0000    0.000013616.4922   14.3478
    0.0000   15.0000    0.000014067.3174   14.3338
    7.5000   15.0000    0.000013049.4678   14.3366
   -7.5000   22.5000    0.000012583.9668   14.9255
    0.0000   22.5000    0.000013010.5000   14.9007
    7.5000   22.5000    0.000012087.3369   14.8963
   -7.5000   30.0000    0.000011647.9990   15.4738
    0.0000   30.0000    0.000012077.9570   15.4393
    7.5000   30.0000    0.000011251.7578   15.4267
   -7.5000   37.5000    0.000011207.8984   16.2807
    0.0000   37.5000    0.000011665.5527   16.2446
    7.5000   37.5000    0.000010873.4668   16.2340
   -7.5000   45.0000    0.000010314.3428   16.7913
    0.0000   45.0000    0.000010742.9834   16.7617
    7.5000   45.0000    0.000010026.0488   16.7606
   -7.5000  -45.0000    7.500014858.1543   14.1704
    0.0000  -45.0000    7.500015214.0557   14.1459
    7.5000  -45.0000    7.500014226.2188   14.1550
   -7.5000  -37.5000    7.500015161.2021   14.1688
    0.0000  -37.5000    7.500015539.3584   14.1525
    7.5000  -37.5000    7.500014449.3281   14.1661
   -7.5000  -30.0000    7.500015848.0068   14.1055
    0.0000  -30.0000    7.500016278.2471   14.0906
    7.5000  -30.0000    7.500015055.9990   14.1011
   -7.5000  -22.5000    7.500016188.1045   14.0552
    0.0000  -22.5000    7.500016692.1133   14.0325
    7.5000  -22.5000    7.500015321.8145   14.0340
   -7.5000  -15.0000    7.500016275.6826   14.0109
    0.0000  -15.0000    7.500016829.0352   13.9803
    7.5000  -15.0000    7.500015333.9541   13.9775
   -7.5000   -7.5000    7.500016197.1104   13.9813
    0.0000   -7.5000    7.500016736.0176   13.9508
    7.5000   -7.5000    7.500015268.2900   13.9525
   -7.5000    0.0000    7.500015983.3623   13.9704
    0.0000    0.0000    7.500016483.1777   13.9464
    7.5000    0.0000    7.500015089.8662   13.9551
   -7.5000    7.5000    7.500014700.6553   14.0109
    0.0000    7.5000    7.500015102.6445   13.9946
    7.5000    7.5000    7.500013880.6963   14.0078
   -7.5000   15.0000    7.500013530.3906   14.3536
    0.0000   15.0000    7.500013908.9814   14.3370
    7.5000   15.0000    7.500012808.8232   14.3449
   -7.5000   22.5000    7.500012481.4229   14.9271
    0.0000   22.5000    7.500012869.8418   14.9011
    7.5000   22.5000    7.500011896.9424   14.8991
   -7.5000   30.0000    7.500011545.4033   15.4811
    0.0000   30.0000    7.500011941.6602   15.4444
    7.5000   30.0000    7.500011071.1631   15.4321
   -7.5000   37.5000    7.500011086.7705   16.2933
    0.0000   37.5000    7.500011487.1465   16.2523
    7.5000   37.5000    7.500010666.1797   16.2424
   -7.5000   45.0000    7.500010153.7588   16.8097
    0.0000   45.0000    7.500010521.3574   16.7738
    7.5000   45.0000    7.5000 9795.2197   16.7724
   -7.5000  -45.0000   15.000014518.1641   14.1732
    0.0000  -45.0000   15.000014874.8740   14.1429
    7.5000  -45.0000   15.000013840.2197   14.1517
   -7.5000  -37.5000   15.000014758.0977   14.1745
    0.0000  -37.5000   15.000015120.8467   14.1503
    7.5000  -37.5000   15.000014018.5449   14.1645
   -7.5000  -30.0000   15.000015491.7461   14.1138
    0.0000  -30.0000   15.000015878.9746   14.0931
    7.5000  -30.0000   15.000014654.0312   14.1058
   -7.5000  -22.5000   15.000016035.2373   14.0632
    0.0000  -22.5000   15.000016471.3340   14.0393
    7.5000  -22.5000   15.000014961.1719   14.0435
   -7.5000  -15.0000   15.000016167.0908   14.0159
    0.0000  -15.0000   15.000016606.6738   13.9870
    7.5000  -15.0000   15.000014946.5342   13.9868
   -7.5000   -7.5000   15.000015975.6533   13.9837
    0.0000   -7.5000   15.000016379.9512   13.9525
    7.5000   -7.5000   15.000014851.2520   13.9553
   -7.5000    0.0000   15.000015702.9326   13.9735
    0.0000    0.0000   15.000016075.7910   13.9438
    7.5000    0.0000   15.000014684.3193   13.9523
   -7.5000    7.5000   15.000014385.1572   14.0168
    0.0000    7.5000   15.000014725.1826   13.9929
    7.5000    7.5000   15.000013536.3760   14.0066
   -7.5000   15.0000   15.000013216.4180   14.3607
    0.0000   15.0000   15.000013584.2637   14.3377
    7.5000   15.0000   15.000012529.6660   14.3482
   -7.5000   22.5000   15.000012165.0488   14.9334
    0.0000   22.5000   15.000012534.3516   14.9048
    7.5000   22.5000   15.000011637.6533   14.9060
   -7.5000   30.0000   15.000011218.0771   15.4861
    0.0000   30.0000   15.000011556.1699   15.4501
    7.5000   30.0000   15.000010769.0693   15.4424
   -7.5000   37.5000   15.000010747.2715   16.2987
    0.0000   37.5000   15.000011092.9414   16.2560
    7.5000   37.5000   15.000010342.3096   16.2482
   -7.5000   45.0000   15.0000 9807.9736   16.8134
    0.0000   45.0000   15.000010119.1260   16.7700
    7.5000   45.0000   15.0000 9487.8506   16.7655
   -7.5000  -45.0000   22.500014004.8623   14.1686
    0.0000  -45.0000   22.500014376.2939   14.1377
    7.5000  -45.0000   22.500013421.6377   14.1424
   -7.5000  -37.5000   22.500014266.8076   14.1719
    0.0000  -37.5000   22.500014610.7432   14.1435
    7.5000  -37.5000   22.500013583.2070   14.1528
   -7.5000  -30.0000   22.500014987.1211   14.1156
    0.0000  -30.0000   22.500015311.8457   14.0903
    7.5000  -30.0000   22.500014181.0586   14.1002
   -7.5000  -22.5000   22.500015375.9248   14.0672
    0.0000  -22.5000   22.500015753.5010   14.0425
    7.5000  -22.5000   22.500014453.6914   14.0468
   -7.5000  -15.0000   22.500015424.6729   14.0179
    0.0000  -15.0000   22.500015761.0605   13.9919
    7.5000  -15.0000   22.500014467.1660   13.9929
   -7.5000   -7.5000   22.500015268.9004   13.9817
    0.0000   -7.5000   22.500015615.1650   13.9531
    7.5000   -7.5000   22.500014442.1973   13.9549
   -7.5000    0.0000   22.500015082.9014   13.9697
    0.0000    0.0000   22.500015435.7822   13.9394
    7.5000    0.0000   22.500014341.3086   13.9438
   -7.5000    7.5000   22.500013879.4785   14.0150
    0.0000    7.5000   22.500014224.1943   13.9869
    7.5000    7.5000   22.500013194.9287   13.9958
   -7.5000   15.0000   22.500012807.6328   14.3605
    0.0000   15.0000   22.500013120.4580   14.3334
    7.5000   15.0000   22.500012160.0020   14.3410
   -7.5000   22.5000   22.500011763.4053   14.9367
    0.0000   22.5000   22.500012080.7842   14.9068
    7.5000   22.5000   22.500011241.1836   14.9090
   -7.5000   30.0000   22.500010781.3193   15.4825
    0.0000   30.0000   22.500011077.2900   15.4504
    7.5000   30.0000   22.500010338.5107   15.4465
   -7.5000   37.5000   22.500010277.6699   16.2907
    0.0000   37.5000   22.500010586.9502   16.2524
    7.5000   37.5000   22.5000 9888.7529   16.2448
   -7.5000   45.0000   22.5000 9341.9854   16.7982
    0.0000   45.0000   22.5000 9626.0586   16.7536
    7.5000   45.0000   22.5000 9044.9941   16.7449
   -7.5000  -45.0000   30.000013412.6260   14.1635
    0.0000  -45.0000   30.000013787.3809   14.1373
    7.5000  -45.0000   30.000012931.6494   14.1381
   -7.5000  -37.5000   30.000013630.0146   14.1665
    0.0000  -37.5000   30.000013965.9238   14.1410
    7.5000  -37.5000   30.000013069.7266   14.1449
   -7.5000  -30.0000   30.000014204.8477   14.1131
    0.0000  -30.0000   30.000014546.5703   14.0881
    7.5000  -30.0000   30.000013572.7754   14.0934
   -7.5000  -22.5000   30.000014446.3975   14.0686
    0.0000  -22.5000   30.000014821.4131   14.0435
    7.5000  -22.5000   30.000013790.9756   14.0459
   -7.5000  -15.0000   30.000014401.9912   14.0211
    0.0000  -15.0000   30.000014759.5859   13.9958
    7.5000  -15.0000   30.000013775.2529   13.9962
   -7.5000   -7.5000   30.000014286.8271   13.9832
    0.0000   -7.5000   30.000014653.6768   13.9576
    7.5000   -7.5000   30.000013736.7090   13.9576
   -7.5000    0.0000   30.000014172.0332   13.9685
    0.0000    0.0000   30.000014563.6455   13.9427
    7.5000    0.0000   30.000013656.6426   13.9434
   -7.5000    7.5000   30.000013067.0547   14.0130
    0.0000    7.5000   30.000013421.2764   13.9877
    7.5000    7.5000   30.000012561.5449   13.9912
   -7.5000   15.0000   30.000012095.1523   14.3598
    0.0000   15.0000   30.000012396.7871   14.3340
    7.5000   15.0000   30.000011584.0312   14.3365
   -7.5000   22.5000   30.000011137.9453   14.9405
    0.0000   22.5000   30.000011423.1201   14.9112
    7.5000   22.5000   30.000010681.6982   14.9118
   -7.5000   30.0000   30.000010194.1377   15.4813
    0.0000   30.0000   30.000010473.9395   15.4517
    7.5000   30.0000   30.0000 9806.5508   15.4481
   -7.5000   37.5000   30.0000 9679.9131   16.2854
    0.0000   37.5000   30.0000 9967.6562   16.2523
    7.5000   37.5000   30.0000 9343.8428   16.2438
   -7.5000   45.0000   30.0000 8746.2158   16.7877
    0.0000   45.0000   30.0000 9011.3662   16.7482
    7.5000   45.0000   30.0000 8499.6523   16.7385
   -7.5000  -45.0000   37.500013133.6855   14.1768
    0.0000  -45.0000   37.500013525.8096   14.1566
    7.5000  -45.0000   37.500012722.5000   14.1586
   -7.5000  -37.5000   37.500013222.4824   14.1790
    0.0000  -37.5000   37.500013603.3086   14.1623
    7.5000  -37.5000   37.500012795.2832   14.1664
   -7.5000  -30.0000   37.500013669.7764   14.1250
    0.0000  -30.0000   37.500014054.7910   14.1065
    7.5000  -30.0000   37.500013223.8604   14.1101
   -7.5000  -22.5000   37.500013888.3740   14.0823
    0.0000  -22.5000   37.500014273.8291   14.0583
    7.5000  -22.5000   37.500013420.9160   14.0582
   -7.5000  -15.0000   37.500013888.6143   14.0379
    0.0000  -15.0000   37.500014238.3320   14.0101
    7.5000  -15.0000   37.500013430.4756   14.0084
   -7.5000   -7.5000   37.500013781.3936   14.0017
    0.0000   -7.5000   37.500014165.8252   13.9762
    7.5000   -7.5000   37.500013384.4873   13.9759
   -7.5000    0.0000   37.500013677.7939   13.9861
    0.0000    0.0000   37.500014049.1865   13.9661
    7.5000    0.0000   37.500013276.4873   13.9679
   -7.5000    7.5000   37.500012613.6826   14.0283
    0.0000    7.5000   37.500012951.0840   14.0114
    7.5000    7.5000   37.500012206.3623   14.0153
   -7.5000   15.0000   37.500011619.3848   14.3764
    0.0000   15.0000   37.500011947.3789   14.3574
    7.5000   15.0000   37.500011246.8848   14.3578
   -7.5000   22.5000   37.500010680.9551   14.9598
    0.0000   22.5000   37.500011010.0088   14.9328
    7.5000   22.5000   37.500010381.7363   14.9303
   -7.5000   30.0000   37.5000 9798.8291   15.5036
    0.0000   30.0000   37.500010111.5791   15.4725
    7.5000   30.0000   37.5000 9553.8838   15.4647
   -7.5000   37.5000   37.5000 9309.5420   16.3092
    0.0000   37.5000   37.5000 9605.7139   16.2768
    7.5000   37.5000   37.5000 9080.6729   16.2675
   -7.5000   45.0000   37.5000 8401.2588   16.8154
    0.0000   45.0000   37.5000 8681.4453   16.7837
    7.5000   45.0000   37.5000 8209.8291   16.7784
   -7.5000  -45.0000   45.000012068.5059   14.1720
    0.0000  -45.0000   45.000012474.7422   14.1529
    7.5000  -45.0000   45.000011751.7910   14.1597
   -7.5000  -37.5000   45.000012084.2295   14.1745
    0.0000  -37.5000   45.000012468.4463   14.1628
    7.5000  -37.5000   45.000011781.9072   14.1726
   -7.5000  -30.0000   45.000012472.5029   14.1183
    0.0000  -30.0000   45.000012851.1475   14.1052
    7.5000  -30.0000   45.000012124.9814   14.1120
   -7.5000  -22.5000   45.000012666.8584   14.0749
    0.0000  -22.5000   45.000013040.3496   14.0523
    7.5000  -22.5000   45.000012309.9385   14.0519
   -7.5000  -15.0000   45.000012659.0781   14.0328
    0.0000  -15.0000   45.000013034.1699   14.0021
    7.5000  -15.0000   45.000012360.0049   13.9989
   -7.5000   -7.5000   45.000012575.9600   13.9995
    0.0000   -7.5000   45.000012944.3906   13.9715
    7.5000   -7.5000   45.000012312.8848   13.9723
   -7.5000    0.0000   45.000012477.2236   13.9852
    0.0000    0.0000   45.000012851.2197   13.9663
    7.5000    0.0000   45.000012215.4346   13.9728
   -7.5000    7.5000   45.000011505.0117   14.0262
    0.0000    7.5000   45.000011847.5957   14.0143
    7.5000    7.5000   45.000011211.5713   14.0237
   -7.5000   15.0000   45.000010583.9688   14.3757
    0.0000   15.0000   45.000010913.6826   14.3617
    7.5000   15.0000   45.000010316.7832   14.3652
   -7.5000   22.5000   45.0000 9731.5664   14.9602
    0.0000   22.5000   45.000010069.6348   14.9350
    7.5000   22.5000   45.0000 9528.9258   14.9314
   -7.5000   30.0000   45.0000 8928.3809   15.5145
    0.0000   30.0000   45.0000 9260.4482   15.4795
    7.5000   30.0000   45.0000 8775.5254   15.4676
   -7.5000   37.5000   45.0000 8470.8662   16.3296
    0.0000   37.5000   45.0000 8790.2871   16.2932
    7.5000   37.5000   45.0000 8318.9922   16.2833
   -7.5000   45.0000   45.0000 7685.5767   16.8592
    0.0000   45.0000   45.0000 7988.2236   16.8295
    7.5000   45.0000   45.0000 7544.7910   16.8293

---------------------------------------------------------------------
imgreg_4dfp /usr/local/freesurfer/average/711-2C_as_mni_average_305 /usr/local/freesurfer/average/711-2B_as_mni_average_305_mask talsrcimg_g11 none talsrcimg_to_711-2C_as_mni_average_305_t4 4355
---------------------------------------------------------------------

freesurfer imgreg_4dfp.c
/usr/local/freesurfer/average/711-2C_as_mni_average_305.4dfp.img
       256       256       256         1
  1.000000  1.000000  1.000000
orientation T byte_order littleendian
Reading image: /usr/local/freesurfer/average/711-2C_as_mni_average_305.4dfp.img
dimensions:      256       256       256
mmppix:       1.0000   -1.0000   -1.0000
center:     128.0000 -129.0000 -129.0000
/usr/local/freesurfer/average/711-2B_as_mni_average_305_mask.4dfp.img
       256       256       256         1
  1.000000  1.000000  1.000000
orientation T byte_order littleendian
Reading mask: /usr/local/freesurfer/average/711-2B_as_mni_average_305_mask.4dfp.img (2306576 pixels)
talsrcimg_g11.4dfp.img
       256       256       256         1
  1.000000  1.000000  1.000000
orientation T byte_order littleendian
Reading image: talsrcimg_g11.4dfp.img
dimensions:      256       256       256
mmppix:       1.0000   -1.0000   -1.0000
center:     128.0000 -129.0000 -129.0000
rotation matrix determinant  1.000000
image alignment mode   4355 decimal     1103 hex
   -7.5000  -60.0000  -37.5000 2286.8667   18.8859
    0.0000  -60.0000  -37.5000 2289.1838   18.9315
    7.5000  -60.0000  -37.5000 2266.4734   19.2159
   -7.5000  -52.5000  -37.5000 2311.4456   18.7954
    0.0000  -52.5000  -37.5000 2312.3811   18.7662
    7.5000  -52.5000  -37.5000 2292.8628   19.0430
   -7.5000  -45.0000  -37.5000 2331.2656   18.8386
    0.0000  -45.0000  -37.5000 2332.4568   18.7841
    7.5000  -45.0000  -37.5000 2312.3706   19.0681
   -7.5000  -37.5000  -37.5000 2349.4631   18.9038
    0.0000  -37.5000  -37.5000 2349.0254   18.8602
    7.5000  -37.5000  -37.5000 2327.9128   19.1028
   -7.5000  -30.0000  -37.5000 2353.9097   18.8872
    0.0000  -30.0000  -37.5000 2353.7034   18.8562
    7.5000  -30.0000  -37.5000 2329.8091   19.1188
   -7.5000  -22.5000  -37.5000 2353.1287   18.8530
    0.0000  -22.5000  -37.5000 2355.8552   18.8113
    7.5000  -22.5000  -37.5000 2338.2751   19.0887
   -7.5000  -15.0000  -37.5000 2354.6780   18.9971
    0.0000  -15.0000  -37.5000 2363.3267   18.8823
    7.5000  -15.0000  -37.5000 2349.9697   19.2424
   -7.5000   -7.5000  -37.5000 2345.7100   19.4679
    0.0000   -7.5000  -37.5000 2355.6799   19.3537
    7.5000   -7.5000  -37.5000 2340.5928   19.6902
   -7.5000    0.0000  -37.5000 2318.2429   20.1864
    0.0000    0.0000  -37.5000 2328.9668   20.1069
    7.5000    0.0000  -37.5000 2311.5339   20.4191
   -7.5000    7.5000  -37.5000 2276.1787   21.2207
    0.0000    7.5000  -37.5000 2288.0369   21.1005
    7.5000    7.5000  -37.5000 2264.9116   21.3893
   -7.5000   15.0000  -37.5000 2215.6226   22.5099
    0.0000   15.0000  -37.5000 2227.1326   22.4074
    7.5000   15.0000  -37.5000 2206.1526   22.6729
   -7.5000   22.5000  -37.5000 2148.5542   24.2365
    0.0000   22.5000  -37.5000 2153.8694   24.1536
    7.5000   22.5000  -37.5000 2140.2092   24.4043
   -7.5000   30.0000  -37.5000 2062.3887   26.5543
    0.0000   30.0000  -37.5000 2070.5010   26.4531
    7.5000   30.0000  -37.5000 2054.9885   26.7118
   -7.5000  -60.0000  -30.0000 2432.7808   17.9813
    0.0000  -60.0000  -30.0000 2432.1875   18.0178
    7.5000  -60.0000  -30.0000 2404.2087   18.3234
   -7.5000  -52.5000  -30.0000 2458.8125   17.9838
    0.0000  -52.5000  -30.0000 2455.7791   17.9392
    7.5000  -52.5000  -30.0000 2432.7092   18.2081
   -7.5000  -45.0000  -30.0000 2481.9336   17.9155
    0.0000  -45.0000  -30.0000 2476.5227   17.8360
    7.5000  -45.0000  -30.0000 2454.0447   18.0974
   -7.5000  -37.5000  -30.0000 2499.2539   17.8730
    0.0000  -37.5000  -30.0000 2497.3579   17.7996
    7.5000  -37.5000  -30.0000 2478.8921   18.0682
   -7.5000  -30.0000  -30.0000 2500.0664   17.8130
    0.0000  -30.0000  -30.0000 2504.3254   17.7402
    7.5000  -30.0000  -30.0000 2489.6763   18.0314
   -7.5000  -22.5000  -30.0000 2505.9431   17.8256
    0.0000  -22.5000  -30.0000 2512.1780   17.7530
    7.5000  -22.5000  -30.0000 2497.1384   18.0157
   -7.5000  -15.0000  -30.0000 2507.1206   17.9999
    0.0000  -15.0000  -30.0000 2514.2183   17.8663
    7.5000  -15.0000  -30.0000 2502.6748   18.1702
   -7.5000   -7.5000  -30.0000 2500.0166   18.4599
    0.0000   -7.5000  -30.0000 2507.2231   18.3184
    7.5000   -7.5000  -30.0000 2491.4883   18.6138
   -7.5000    0.0000  -30.0000 2472.2729   19.1660
    0.0000    0.0000  -30.0000 2481.5710   19.0566
    7.5000    0.0000  -30.0000 2464.7000   19.2894
   -7.5000    7.5000  -30.0000 2424.7200   20.0797
    0.0000    7.5000  -30.0000 2437.9827   19.9309
    7.5000    7.5000  -30.0000 2412.4580   20.2179
   -7.5000   15.0000  -30.0000 2359.9812   21.2033
    0.0000   15.0000  -30.0000 2372.7778   21.0831
    7.5000   15.0000  -30.0000 2349.9314   21.3523
   -7.5000   22.5000  -30.0000 2286.8823   22.8004
    0.0000   22.5000  -30.0000 2297.1765   22.6991
    7.5000   22.5000  -30.0000 2278.2261   22.9401
   -7.5000   30.0000  -30.0000 2194.4282   24.9533
    0.0000   30.0000  -30.0000 2201.6506   24.8252
    7.5000   30.0000  -30.0000 2182.8450   25.0771
   -7.5000  -60.0000  -22.5000 2553.2964   17.0110
    0.0000  -60.0000  -22.5000 2548.6938   17.0019
    7.5000  -60.0000  -22.5000 2521.1960   17.2682
   -7.5000  -52.5000  -22.5000 2582.8110   16.9179
    0.0000  -52.5000  -22.5000 2580.6274   16.9023
    7.5000  -52.5000  -22.5000 2554.5100   17.1547
   -7.5000  -45.0000  -22.5000 2600.4507   16.8386
    0.0000  -45.0000  -22.5000 2593.7612   16.7405
    7.5000  -45.0000  -22.5000 2574.7146   17.0275
   -7.5000  -37.5000  -22.5000 2614.8750   16.7327
    0.0000  -37.5000  -22.5000 2614.5862   16.6253
    7.5000  -37.5000  -22.5000 2598.8687   16.8729
   -7.5000  -30.0000  -22.5000 2630.6682   16.6638
    0.0000  -30.0000  -22.5000 2631.6929   16.5635
    7.5000  -30.0000  -22.5000 2614.7417   16.7713
   -7.5000  -22.5000  -22.5000 2635.7151   16.7051
    0.0000  -22.5000  -22.5000 2641.2031   16.5875
    7.5000  -22.5000  -22.5000 2621.6821   16.8017
   -7.5000  -15.0000  -22.5000 2631.0222   16.8912
    0.0000  -15.0000  -22.5000 2640.7661   16.7589
    7.5000  -15.0000  -22.5000 2625.2886   16.9834
   -7.5000   -7.5000  -22.5000 2624.7822   17.3563
    0.0000   -7.5000  -22.5000 2631.2024   17.2315
    7.5000   -7.5000  -22.5000 2616.7544   17.4693
   -7.5000    0.0000  -22.5000 2600.8918   17.9982
    0.0000    0.0000  -22.5000 2611.5859   17.8899
    7.5000    0.0000  -22.5000 2594.8916   18.1382
   -7.5000    7.5000  -22.5000 2555.1296   18.8467
    0.0000    7.5000  -22.5000 2566.7227   18.7137
    7.5000    7.5000  -22.5000 2543.8655   19.0078
   -7.5000   15.0000  -22.5000 2485.8835   19.9074
    0.0000   15.0000  -22.5000 2499.4006   19.7303
    7.5000   15.0000  -22.5000 2479.4150   20.0174
   -7.5000   22.5000  -22.5000 2405.0940   21.3932
    0.0000   22.5000  -22.5000 2416.4175   21.2081
    7.5000   22.5000  -22.5000 2400.7527   21.5027
   -7.5000   30.0000  -22.5000 2306.0168   23.4263
    0.0000   30.0000  -22.5000 2311.8796   23.2302
    7.5000   30.0000  -22.5000 2298.7537   23.5114
   -7.5000  -60.0000  -15.0000 2644.2983   15.9894
    0.0000  -60.0000  -15.0000 2636.2793   15.9653
    7.5000  -60.0000  -15.0000 2607.8608   16.1751
   -7.5000  -52.5000  -15.0000 2670.3567   15.8329
    0.0000  -52.5000  -15.0000 2667.3523   15.8260
    7.5000  -52.5000  -15.0000 2641.8474   16.0428
   -7.5000  -45.0000  -15.0000 2685.6858   15.7302
    0.0000  -45.0000  -15.0000 2684.9805   15.6740
    7.5000  -45.0000  -15.0000 2665.9482   15.8893
   -7.5000  -37.5000  -15.0000 2703.4124   15.6458
    0.0000  -37.5000  -15.0000 2704.9888   15.5695
    7.5000  -37.5000  -15.0000 2684.5398   15.7226
   -7.5000  -30.0000  -15.0000 2719.3459   15.5584
    0.0000  -30.0000  -15.0000 2723.4602   15.4571
    7.5000  -30.0000  -15.0000 2699.0271   15.6445
   -7.5000  -22.5000  -15.0000 2727.4409   15.5957
    0.0000  -22.5000  -15.0000 2734.8145   15.5045
    7.5000  -22.5000  -15.0000 2712.0146   15.6693
   -7.5000  -15.0000  -15.0000 2727.5891   15.7931
    0.0000  -15.0000  -15.0000 2739.6033   15.7298
    7.5000  -15.0000  -15.0000 2718.3276   15.8983
   -7.5000   -7.5000  -15.0000 2721.6270   16.2339
    0.0000   -7.5000  -15.0000 2733.3730   16.1543
    7.5000   -7.5000  -15.0000 2716.0959   16.3598
   -7.5000    0.0000  -15.0000 2703.7778   16.8579
    0.0000    0.0000  -15.0000 2718.3696   16.7699
    7.5000    0.0000  -15.0000 2695.9414   17.0002
   -7.5000    7.5000  -15.0000 2659.0435   17.6808
    0.0000    7.5000  -15.0000 2674.2092   17.5580
    7.5000    7.5000  -15.0000 2648.8257   17.8134
   -7.5000   15.0000  -15.0000 2591.7683   18.7231
    0.0000   15.0000  -15.0000 2603.6746   18.5473
    7.5000   15.0000  -15.0000 2585.0044   18.8053
   -7.5000   22.5000  -15.0000 2506.3406   20.0822
    0.0000   22.5000  -15.0000 2514.8940   19.9000
    7.5000   22.5000  -15.0000 2496.9995   20.2125
   -7.5000   30.0000  -15.0000 2400.2910   22.0085
    0.0000   30.0000  -15.0000 2410.0889   21.8086
    7.5000   30.0000  -15.0000 2394.3970   22.0706
   -7.5000  -60.0000   -7.5000 2708.5256   15.0444
    0.0000  -60.0000   -7.5000 2705.8254   15.0564
    7.5000  -60.0000   -7.5000 2678.9333   15.1824
   -7.5000  -52.5000   -7.5000 2738.0493   14.8509
    0.0000  -52.5000   -7.5000 2738.4395   14.8648
    7.5000  -52.5000   -7.5000 2711.4978   15.0043
   -7.5000  -45.0000   -7.5000 2753.5229   14.6889
    0.0000  -45.0000   -7.5000 2749.3186   14.6673
    7.5000  -45.0000   -7.5000 2724.2058   14.8406
   -7.5000  -37.5000   -7.5000 2763.6560   14.6144
    0.0000  -37.5000   -7.5000 2766.7346   14.5806
    7.5000  -37.5000   -7.5000 2743.8516   14.7315
   -7.5000  -30.0000   -7.5000 2777.7468   14.5577
    0.0000  -30.0000   -7.5000 2786.9780   14.5010
    7.5000  -30.0000   -7.5000 2766.3201   14.6870
   -7.5000  -22.5000   -7.5000 2792.1306   14.5598
    0.0000  -22.5000   -7.5000 2807.6787   14.4815
    7.5000  -22.5000   -7.5000 2788.9407   14.7093
   -7.5000  -15.0000   -7.5000 2800.7703   14.7827
    0.0000  -15.0000   -7.5000 2819.9128   14.7123
    7.5000  -15.0000   -7.5000 2799.9612   14.9617
   -7.5000   -7.5000   -7.5000 2803.7332   15.2515
    0.0000   -7.5000   -7.5000 2825.8877   15.1657
    7.5000   -7.5000   -7.5000 2805.8647   15.3930
   -7.5000    0.0000   -7.5000 2791.7070   15.8768
    0.0000    0.0000   -7.5000 2811.3943   15.7782
    7.5000    0.0000   -7.5000 2781.9500   15.9615
   -7.5000    7.5000   -7.5000 2746.8633   16.6495
    0.0000    7.5000   -7.5000 2766.1641   16.5382
    7.5000    7.5000   -7.5000 2733.1538   16.7349
   -7.5000   15.0000   -7.5000 2674.9324   17.6069
    0.0000   15.0000   -7.5000 2689.4822   17.5030
    7.5000   15.0000   -7.5000 2670.2415   17.7529
   -7.5000   22.5000   -7.5000 2585.1077   18.9119
    0.0000   22.5000   -7.5000 2596.1548   18.7791
    7.5000   22.5000   -7.5000 2579.8162   19.0799
   -7.5000   30.0000   -7.5000 2472.5161   20.7243
    0.0000   30.0000   -7.5000 2487.9219   20.5770
    7.5000   30.0000   -7.5000 2468.0305   20.8789
   -7.5000  -60.0000    0.0000 2750.4031   14.3379
    0.0000  -60.0000    0.0000 2752.0752   14.2956
    7.5000  -60.0000    0.0000 2727.6975   14.4286
   -7.5000  -52.5000    0.0000 2772.7085   14.0909
    0.0000  -52.5000    0.0000 2773.5042   14.0646
    7.5000  -52.5000    0.0000 2756.2063   14.2195
   -7.5000  -45.0000    0.0000 2789.1252   13.8922
    0.0000  -45.0000    0.0000 2791.8533   13.8757
    7.5000  -45.0000    0.0000 2770.0784   14.0608
   -7.5000  -37.5000    0.0000 2807.4880   13.8265
    0.0000  -37.5000    0.0000 2817.0264   13.8088
    7.5000  -37.5000    0.0000 2800.2590   14.0169
   -7.5000  -30.0000    0.0000 2826.9080   13.8300
    0.0000  -30.0000    0.0000 2833.0188   13.8334
    7.5000  -30.0000    0.0000 2826.4275   13.9906
   -7.5000  -22.5000    0.0000 2850.5020   13.8567
    0.0000  -22.5000    0.0000 2870.6003   13.8483
    7.5000  -22.5000    0.0000 2853.7153   14.0296
   -7.5000  -15.0000    0.0000 2873.3813   14.0485
    0.0000  -15.0000    0.0000 2900.4519   13.9843
    7.5000  -15.0000    0.0000 2866.9331   14.2048
   -7.5000   -7.5000    0.0000 2882.0415   14.5142
    0.0000   -7.5000    0.0000 2911.0852   14.4313
    7.5000   -7.5000    0.0000 2876.2661   14.6278
   -7.5000    0.0000    0.0000 2870.5283   15.1390
    0.0000    0.0000    0.0000 2898.2471   15.0609
    7.5000    0.0000    0.0000 2847.5400   15.1753
   -7.5000    7.5000    0.0000 2821.7405   15.8546
    0.0000    7.5000    0.0000 2842.1226   15.7738
    7.5000    7.5000    0.0000 2800.0139   15.8965
   -7.5000   15.0000    0.0000 2740.4607   16.7706
    0.0000   15.0000    0.0000 2756.6577   16.7071
    7.5000   15.0000    0.0000 2722.8696   16.8701
   -7.5000   22.5000    0.0000 2641.5891   18.0454
    0.0000   22.5000    0.0000 2652.7603   17.9432
    7.5000   22.5000    0.0000 2624.8853   18.1921
   -7.5000   30.0000    0.0000 2520.3557   19.8181
    0.0000   30.0000    0.0000 2533.9536   19.6812
    7.5000   30.0000    0.0000 2514.2388   19.9501
   -7.5000  -60.0000    7.5000 2780.5835   13.7343
    0.0000  -60.0000    7.5000 2777.4797   13.6702
    7.5000  -60.0000    7.5000 2767.0276   13.8128
   -7.5000  -52.5000    7.5000 2800.4641   13.4817
    0.0000  -52.5000    7.5000 2804.2173   13.4453
    7.5000  -52.5000    7.5000 2793.5715   13.6081
   -7.5000  -45.0000    7.5000 2815.8950   13.3227
    0.0000  -45.0000    7.5000 2821.8909   13.2954
    7.5000  -45.0000    7.5000 2815.6282   13.4780
   -7.5000  -37.5000    7.5000 2843.5317   13.2596
    0.0000  -37.5000    7.5000 2854.0789   13.2703
    7.5000  -37.5000    7.5000 2844.2859   13.4635
   -7.5000  -30.0000    7.5000 2862.8477   13.3311
    0.0000  -30.0000    7.5000 2873.9888   13.3735
    7.5000  -30.0000    7.5000 2865.9106   13.5428
   -7.5000  -22.5000    7.5000 2894.8406   13.5091
    0.0000  -22.5000    7.5000 2917.0215   13.5570
    7.5000  -22.5000    7.5000 2893.6006   13.6041
   -7.5000  -15.0000    7.5000 2934.3486   13.6908
    0.0000  -15.0000    7.5000 2961.3455   13.6872
    7.5000  -15.0000    7.5000 2908.2417   13.7588
   -7.5000   -7.5000    7.5000 2950.0371   14.0167
    0.0000   -7.5000    7.5000 2980.3250   13.9764
    7.5000   -7.5000    7.5000 2919.7395   14.0288
   -7.5000    0.0000    7.5000 2922.5181   14.5381
    0.0000    0.0000    7.5000 2948.5044   14.4760
    7.5000    0.0000    7.5000 2893.5669   14.5342
   -7.5000    7.5000    7.5000 2865.3486   15.2665
    0.0000    7.5000    7.5000 2879.3821   15.1713
    7.5000    7.5000    7.5000 2838.1597   15.3005
   -7.5000   15.0000    7.5000 2774.8914   16.2750
    0.0000   15.0000    7.5000 2792.4944   16.1790
    7.5000   15.0000    7.5000 2753.2104   16.3418
   -7.5000   22.5000    7.5000 2671.3845   17.5796
    0.0000   22.5000    7.5000 2683.3157   17.4996
    7.5000   22.5000    7.5000 2652.8240   17.6785
   -7.5000   30.0000    7.5000 2551.0950   19.3273
    0.0000   30.0000    7.5000 2563.2417   19.2402
    7.5000   30.0000    7.5000 2543.8521   19.4068
   -7.5000  -60.0000   15.0000 2797.3394   13.2291
    0.0000  -60.0000   15.0000 2798.5317   13.1968
    7.5000  -60.0000   15.0000 2791.4856   13.4420
   -7.5000  -52.5000   15.0000 2815.2295   12.9990
    0.0000  -52.5000   15.0000 2819.9575   12.9820
    7.5000  -52.5000   15.0000 2817.4678   13.2214
   -7.5000  -45.0000   15.0000 2827.6873   12.8803
    0.0000  -45.0000   15.0000 2837.5764   12.8792
    7.5000  -45.0000   15.0000 2837.0439   13.0955
   -7.5000  -37.5000   15.0000 2852.4473   12.8969
    0.0000  -37.5000   15.0000 2863.4312   12.9268
    7.5000  -37.5000   15.0000 2858.6289   13.1160
   -7.5000  -30.0000   15.0000 2885.6436   13.0547
    0.0000  -30.0000   15.0000 2892.8972   13.0846
    7.5000  -30.0000   15.0000 2883.3184   13.2508
   -7.5000  -22.5000   15.0000 2933.5964   13.3400
    0.0000  -22.5000   15.0000 2938.6643   13.3725
    7.5000  -22.5000   15.0000 2913.7532   13.4214
   -7.5000  -15.0000   15.0000 2967.5701   13.6231
    0.0000  -15.0000   15.0000 2980.8584   13.5977
    7.5000  -15.0000   15.0000 2924.5081   13.5553
   -7.5000   -7.5000   15.0000 2973.5430   13.7638
    0.0000   -7.5000   15.0000 2995.4468   13.7281
    7.5000   -7.5000   15.0000 2931.2690   13.7383
   -7.5000    0.0000   15.0000 2947.0720   14.1483
    0.0000    0.0000   15.0000 2966.5701   14.0731
    7.5000    0.0000   15.0000 2910.2507   14.2022
   -7.5000    7.5000   15.0000 2889.6267   14.9260
    0.0000    7.5000   15.0000 2899.6106   14.8258
    7.5000    7.5000   15.0000 2859.6655   15.0397
   -7.5000   15.0000   15.0000 2794.5703   16.0392
    0.0000   15.0000   15.0000 2809.3262   15.9461
    7.5000   15.0000   15.0000 2775.9426   16.1631
   -7.5000   22.5000   15.0000 2676.1836   17.4277
    0.0000   22.5000   15.0000 2685.8267   17.3299
    7.5000   22.5000   15.0000 2666.5095   17.5620
   -7.5000   30.0000   15.0000 2552.5698   19.1791
    0.0000   30.0000   15.0000 2561.7966   19.0713
    7.5000   30.0000   15.0000 2547.6086   19.2820
   -7.5000  -60.0000   22.5000 2799.3586   12.9311
    0.0000  -60.0000   22.5000 2803.6992   12.9257
    7.5000  -60.0000   22.5000 2818.5200   13.2881
   -7.5000  -52.5000   22.5000 2814.5691   12.7592
    0.0000  -52.5000   22.5000 2821.3086   12.7679
    7.5000  -52.5000   22.5000 2836.7124   13.0988
   -7.5000  -45.0000   22.5000 2832.0581   12.7794
    0.0000  -45.0000   22.5000 2837.4705   12.7925
    7.5000  -45.0000   22.5000 2846.6809   13.0509
   -7.5000  -37.5000   22.5000 2863.4360   12.9074
    0.0000  -37.5000   22.5000 2867.0786   12.9158
    7.5000  -37.5000   22.5000 2868.0413   13.0990
   -7.5000  -30.0000   22.5000 2897.9529   13.0420
    0.0000  -30.0000   22.5000 2897.3550   13.0349
    7.5000  -30.0000   22.5000 2886.3713   13.2004
   -7.5000  -22.5000   22.5000 2936.4541   13.2682
    0.0000  -22.5000   22.5000 2938.6121   13.2635
    7.5000  -22.5000   22.5000 2914.3579   13.3898
   -7.5000  -15.0000   22.5000 2962.6294   13.5017
    0.0000  -15.0000   22.5000 2967.4319   13.4693
    7.5000  -15.0000   22.5000 2924.9021   13.5605
   -7.5000   -7.5000   22.5000 2967.3591   13.6641
    0.0000   -7.5000   22.5000 2977.9026   13.5758
    7.5000   -7.5000   22.5000 2934.4456   13.8069
   -7.5000    0.0000   22.5000 2939.7229   14.1708
    0.0000    0.0000   22.5000 2951.8562   14.0501
    7.5000    0.0000   22.5000 2910.6082   14.3698
   -7.5000    7.5000   22.5000 2884.5618   15.0102
    0.0000    7.5000   22.5000 2895.3521   14.9166
    7.5000    7.5000   22.5000 2857.1260   15.1914
   -7.5000   15.0000   22.5000 2791.2729   16.1361
    0.0000   15.0000   22.5000 2800.4573   16.0367
    7.5000   15.0000   22.5000 2773.1785   16.3017
   -7.5000   22.5000   22.5000 2669.9468   17.5601
    0.0000   22.5000   22.5000 2679.0352   17.4067
    7.5000   22.5000   22.5000 2664.9053   17.6582
   -7.5000   30.0000   22.5000 2539.7534   19.2994
    0.0000   30.0000   22.5000 2548.6201   19.1750
    7.5000   30.0000   22.5000 2535.3801   19.4002
   -7.5000  -60.0000   30.0000 2792.8438   12.9680
    0.0000  -60.0000   30.0000 2803.1497   13.0361
    7.5000  -60.0000   30.0000 2816.2773   13.4213
   -7.5000  -52.5000   30.0000 2815.3323   12.9671
    0.0000  -52.5000   30.0000 2819.5664   13.0055
    7.5000  -52.5000   30.0000 2831.5256   13.3419
   -7.5000  -45.0000   30.0000 2837.8264   13.0738
    0.0000  -45.0000   30.0000 2841.3269   13.0842
    7.5000  -45.0000   30.0000 2845.4443   13.3548
   -7.5000  -37.5000   30.0000 2863.4290   13.1492
    0.0000  -37.5000   30.0000 2862.2742   13.1432
    7.5000  -37.5000   30.0000 2861.4778   13.3816
   -7.5000  -30.0000   30.0000 2884.9729   13.2515
    0.0000  -30.0000   30.0000 2884.1445   13.2510
    7.5000  -30.0000   30.0000 2871.5847   13.4865
   -7.5000  -22.5000   30.0000 2908.3049   13.4352
    0.0000  -22.5000   30.0000 2906.4880   13.4289
    7.5000  -22.5000   30.0000 2893.3823   13.6342
   -7.5000  -15.0000   30.0000 2926.1421   13.6003
    0.0000  -15.0000   30.0000 2928.2559   13.5472
    7.5000  -15.0000   30.0000 2905.8625   13.7774
   -7.5000   -7.5000   30.0000 2929.6143   13.8552
    0.0000   -7.5000   30.0000 2938.0310   13.7614
    7.5000   -7.5000   30.0000 2912.3552   14.0943
   -7.5000    0.0000   30.0000 2903.0127   14.4614
    0.0000    0.0000   30.0000 2916.5327   14.3581
    7.5000    0.0000   30.0000 2887.7378   14.7024
   -7.5000    7.5000   30.0000 2844.3191   15.3445
    0.0000    7.5000   30.0000 2855.3459   15.2656
    7.5000    7.5000   30.0000 2827.0581   15.5738
   -7.5000   15.0000   30.0000 2754.5359   16.4977
    0.0000   15.0000   30.0000 2762.0134   16.3907
    7.5000   15.0000   30.0000 2739.6265   16.6818
   -7.5000   22.5000   30.0000 2647.1021   17.9002
    0.0000   22.5000   30.0000 2650.2039   17.7589
    7.5000   22.5000   30.0000 2636.1104   18.0450
   -7.5000   30.0000   30.0000 2521.7939   19.6397
    0.0000   30.0000   30.0000 2530.0918   19.4813
    7.5000   30.0000   30.0000 2511.4907   19.7516
   -7.5000  -60.0000   37.5000 2794.4397   13.3469
    0.0000  -60.0000   37.5000 2803.6750   13.4814
    7.5000  -60.0000   37.5000 2799.7202   13.8242
   -7.5000  -52.5000   37.5000 2818.5151   13.3854
    0.0000  -52.5000   37.5000 2820.6143   13.4259
    7.5000  -52.5000   37.5000 2813.6631   13.7658
   -7.5000  -45.0000   37.5000 2826.0605   13.4492
    0.0000  -45.0000   37.5000 2829.8025   13.4723
    7.5000  -45.0000   37.5000 2823.1917   13.7774
   -7.5000  -37.5000   37.5000 2840.8645   13.5307
    0.0000  -37.5000   37.5000 2838.5823   13.5223
    7.5000  -37.5000   37.5000 2832.3203   13.8258
   -7.5000  -30.0000   37.5000 2850.6733   13.6318
    0.0000  -30.0000   37.5000 2847.7686   13.6375
    7.5000  -30.0000   37.5000 2839.1721   13.9196
   -7.5000  -22.5000   37.5000 2865.9766   13.8000
    0.0000  -22.5000   37.5000 2864.1826   13.7777
    7.5000  -22.5000   37.5000 2854.0374   14.0458
   -7.5000  -15.0000   37.5000 2874.2236   14.0268
    0.0000  -15.0000   37.5000 2878.2942   13.9489
    7.5000  -15.0000   37.5000 2861.7810   14.2558
   -7.5000   -7.5000   37.5000 2868.1895   14.4024
    0.0000   -7.5000   37.5000 2880.1887   14.3185
    7.5000   -7.5000   37.5000 2860.9666   14.6366
   -7.5000    0.0000   37.5000 2838.8149   15.0739
    0.0000    0.0000   37.5000 2847.2380   14.9713
    7.5000    0.0000   37.5000 2831.0994   15.2779
   -7.5000    7.5000   37.5000 2783.3376   15.9728
    0.0000    7.5000   37.5000 2791.0117   15.8627
    7.5000    7.5000   37.5000 2771.9050   16.1758
   -7.5000   15.0000   37.5000 2699.6101   17.0778
    0.0000   15.0000   37.5000 2709.2827   16.9622
    7.5000   15.0000   37.5000 2692.2715   17.2520
   -7.5000   22.5000   37.5000 2602.6855   18.4655
    0.0000   22.5000   37.5000 2608.2131   18.3321
    7.5000   22.5000   37.5000 2591.4919   18.5935
   -7.5000   30.0000   37.5000 2485.0020   20.1619
    0.0000   30.0000   37.5000 2494.9573   20.0276
    7.5000   30.0000   37.5000 2477.2903   20.2883
   -7.5000  -60.0000   45.0000 2768.8508   13.8759
    0.0000  -60.0000   45.0000 2773.1895   14.0133
    7.5000  -60.0000   45.0000 2761.1697   14.3570
   -7.5000  -52.5000   45.0000 2786.8889   13.8429
    0.0000  -52.5000   45.0000 2788.5530   13.9526
    7.5000  -52.5000   45.0000 2777.9429   14.3105
   -7.5000  -45.0000   45.0000 2789.9224   13.8912
    0.0000  -45.0000   45.0000 2795.0432   13.9728
    7.5000  -45.0000   45.0000 2778.0486   14.3321
   -7.5000  -37.5000   45.0000 2797.5317   13.9674
    0.0000  -37.5000   45.0000 2798.6221   14.0207
    7.5000  -37.5000   45.0000 2784.7012   14.3717
   -7.5000  -30.0000   45.0000 2804.0735   14.0789
    0.0000  -30.0000   45.0000 2801.1511   14.1197
    7.5000  -30.0000   45.0000 2789.3281   14.4859
   -7.5000  -22.5000   45.0000 2812.2759   14.2902
    0.0000  -22.5000   45.0000 2809.9534   14.2885
    7.5000  -22.5000   45.0000 2794.3452   14.6004
   -7.5000  -15.0000   45.0000 2809.2329   14.6300
    0.0000  -15.0000   45.0000 2814.6277   14.5899
    7.5000  -15.0000   45.0000 2795.4421   14.9098
   -7.5000   -7.5000   45.0000 2794.1929   15.1462
    0.0000   -7.5000   45.0000 2801.6072   15.0896
    7.5000   -7.5000   45.0000 2786.7380   15.4122
   -7.5000    0.0000   45.0000 2755.0974   15.8373
    0.0000    0.0000   45.0000 2768.3127   15.7886
    7.5000    0.0000   45.0000 2752.5334   16.1135
   -7.5000    7.5000   45.0000 2705.3103   16.7464
    0.0000    7.5000   45.0000 2717.2070   16.6878
    7.5000    7.5000   45.0000 2695.7729   16.9992
   -7.5000   15.0000   45.0000 2632.7385   17.8239
    0.0000   15.0000   45.0000 2644.0308   17.7539
    7.5000   15.0000   45.0000 2623.3818   18.0623
   -7.5000   22.5000   45.0000 2544.2031   19.2230
    0.0000   22.5000   45.0000 2555.1106   19.0949
    7.5000   22.5000   45.0000 2534.7864   19.3982
   -7.5000   30.0000   45.0000 2432.7158   20.9472
    0.0000   30.0000   45.0000 2444.3286   20.8027
    7.5000   30.0000   45.0000 2420.4316   21.0747
   -7.5000  -60.0000   52.5000 2719.7817   14.4255
    0.0000  -60.0000   52.5000 2718.8940   14.6032
    7.5000  -60.0000   52.5000 2706.4868   15.0012
   -7.5000  -52.5000   52.5000 2738.5005   14.3634
    0.0000  -52.5000   52.5000 2738.6255   14.5272
    7.5000  -52.5000   52.5000 2724.2275   14.9356
   -7.5000  -45.0000   52.5000 2741.3333   14.4382
    0.0000  -45.0000   52.5000 2741.2278   14.5518
    7.5000  -45.0000   52.5000 2727.8845   14.9630
   -7.5000  -37.5000   52.5000 2742.1594   14.5402
    0.0000  -37.5000   52.5000 2742.0542   14.6290
    7.5000  -37.5000   52.5000 2728.8916   15.0554
   -7.5000  -30.0000   52.5000 2739.7114   14.6333
    0.0000  -30.0000   52.5000 2741.3564   14.7351
    7.5000  -30.0000   52.5000 2723.5034   15.1536
   -7.5000  -22.5000   52.5000 2744.4995   14.9025
    0.0000  -22.5000   52.5000 2745.0322   14.9586
    7.5000  -22.5000   52.5000 2722.8494   15.3260
   -7.5000  -15.0000   52.5000 2738.3584   15.3168
    0.0000  -15.0000   52.5000 2741.8672   15.3194
    7.5000  -15.0000   52.5000 2718.5054   15.6724
   -7.5000   -7.5000   52.5000 2719.2634   15.9660
    0.0000   -7.5000   52.5000 2723.1104   15.9518
    7.5000   -7.5000   52.5000 2707.8467   16.2406
   -7.5000    0.0000   52.5000 2677.6382   16.7633
    0.0000    0.0000   52.5000 2691.4409   16.7431
    7.5000    0.0000   52.5000 2673.9976   17.0488
   -7.5000    7.5000   52.5000 2628.2874   17.7124
    0.0000    7.5000   52.5000 2642.6079   17.6919
    7.5000    7.5000   52.5000 2622.0098   17.9766
   -7.5000   15.0000   52.5000 2559.0950   18.7761
    0.0000   15.0000   52.5000 2574.8323   18.7516
    7.5000   15.0000   52.5000 2551.4602   19.0238
   -7.5000   22.5000   52.5000 2473.4106   20.1462
    0.0000   22.5000   52.5000 2488.6694   20.0427
    7.5000   22.5000   52.5000 2464.9478   20.3520
   -7.5000   30.0000   52.5000 2361.3555   21.9224
    0.0000   30.0000   52.5000 2380.7251   21.7925
    7.5000   30.0000   52.5000 2355.6677   22.0376

---------------------------------------------------------------------
imgreg_4dfp /usr/local/freesurfer/average/711-2C_as_mni_average_305 /usr/local/freesurfer/average/711-2B_as_mni_average_305_mask talsrcimg_g11 none talsrcimg_to_711-2C_as_mni_average_305_t4 1283
---------------------------------------------------------------------

freesurfer imgreg_4dfp.c
/usr/local/freesurfer/average/711-2C_as_mni_average_305.4dfp.img
       256       256       256         1
  1.000000  1.000000  1.000000
orientation T byte_order littleendian
Reading image: /usr/local/freesurfer/average/711-2C_as_mni_average_305.4dfp.img
dimensions:      256       256       256
mmppix:       1.0000   -1.0000   -1.0000
center:     128.0000 -129.0000 -129.0000
/usr/local/freesurfer/average/711-2B_as_mni_average_305_mask.4dfp.img
       256       256       256         1
  1.000000  1.000000  1.000000
orientation T byte_order littleendian
Reading mask: /usr/local/freesurfer/average/711-2B_as_mni_average_305_mask.4dfp.img (2306576 pixels)
talsrcimg_g11.4dfp.img
       256       256       256         1
  1.000000  1.000000  1.000000
orientation T byte_order littleendian
Reading image: talsrcimg_g11.4dfp.img
dimensions:      256       256       256
mmppix:       1.0000   -1.0000   -1.0000
center:     128.0000 -129.0000 -129.0000
rotation matrix determinant  1.000000
fimgreg.f
image alignment mode   1283 decimal      503 hex
parameters
    0.0000   -7.5000   15.0000    0.0000    0.0000    0.0000
eta,q 0.93840 13.76929
niter,ni,del,rscale     5    3   12.0000    1.2000
parameter  4  1.890098 ->  0.500000 qaram    1.1500
parameter  6  0.755532 ->  0.500000 qaram    1.1500
parameters
   -2.4457   -8.2427   15.3896   -3.4500   -0.4167   -3.4500
eta,q 0.94976 13.68861
  0.0639  0.0611  0.0636  0.0518  0.0581  0.0506
  0.0583  0.0579  0.0607  0.0522  0.0560  0.0501
  0.0561  0.0563  0.0579  0.0538  0.0540  0.0509
  0.0595  0.0558  0.0560  0.0556  0.0525  0.0527
  0.0667  0.0575  0.0567  0.0572  0.0537  0.0561
  0.0737  0.0604  0.0591  0.0594  0.0566  0.0606
  0.0776  0.0642  0.0624  0.0619  0.0607  0.0649
niter,ni,del,rscale     6    3   12.0000    1.2000
parameter  4  1.662425 ->  0.500000 qaram    1.3225
parameters
   -2.6011   -8.3048   15.7770   -7.4175    0.2756   -4.8358
eta,q 0.95325 13.66081
  0.0664  0.0577  0.0579  0.0473  0.0548  0.0531
  0.0588  0.0545  0.0556  0.0478  0.0529  0.0491
  0.0525  0.0514  0.0525  0.0488  0.0506  0.0468
  0.0502  0.0502  0.0502  0.0502  0.0480  0.0475
  0.0536  0.0513  0.0511  0.0522  0.0473  0.0502
  0.0605  0.0543  0.0536  0.0541  0.0497  0.0545
  0.0675  0.0583  0.0570  0.0560  0.0536  0.0590
niter,ni,del,rscale     6    3   12.0000    1.2000
parameters
   -2.8074   -8.0780   14.8485  -10.4285    0.2892   -5.0292
eta,q 0.95473 13.66640
  0.0637  0.0575  0.0520  0.0480  0.0521  0.0530
  0.0560  0.0537  0.0486  0.0456  0.0491  0.0499
  0.0488  0.0492  0.0465  0.0454  0.0468  0.0468
  0.0467  0.0466  0.0465  0.0462  0.0452  0.0452
  0.0506  0.0476  0.0492  0.0485  0.0459  0.0467
  0.0579  0.0525  0.0524  0.0517  0.0488  0.0502
  0.0656  0.0565  0.0550  0.0538  0.0526  0.0543
niter,ni,del,rscale     5    3   12.0000    1.2000
parameters
   -2.7126   -7.3355   13.3848  -13.0222    0.1868   -5.1687
eta,q 0.95535 13.72912
  0.0628  0.0582  0.0491  0.0465  0.0522  0.0517
  0.0553  0.0535  0.0471  0.0455  0.0490  0.0482
  0.0481  0.0481  0.0457  0.0446  0.0461  0.0457
  0.0453  0.0453  0.0456  0.0455  0.0446  0.0447
  0.0479  0.0471  0.0479  0.0460  0.0458  0.0461
  0.0545  0.0504  0.0513  0.0493  0.0490  0.0488
  0.0618  0.0532  0.0541  0.0536  0.0531  0.0521
niter,ni,del,rscale     4    3   12.0000    1.2000
parameter  4  0.913133 ->  0.500000 qaram    1.5209
parameters
   -2.6253   -5.9140   11.7113  -17.5849    0.1203   -5.4284
eta,q 0.95689 13.74853
  0.0619  0.0588  0.0484  0.0436  0.0508  0.0502
  0.0537  0.0522  0.0460  0.0430  0.0471  0.0468
  0.0469  0.0468  0.0453  0.0432  0.0442  0.0441
  0.0447  0.0447  0.0451  0.0452  0.0431  0.0431
  0.0472  0.0455  0.0476  0.0475  0.0435  0.0440
  0.0531  0.0472  0.0512  0.0479  0.0468  0.0472
  0.0607  0.0493  0.0547  0.0509  0.0518  0.0519
niter,ni,del,rscale     4    3   12.0000    1.2000
parameters
   -2.7189   -3.6127   11.0846  -19.7208    0.6369   -5.3707
eta,q 0.95881 13.74305
  0.0600  0.0600  0.0481  0.0453  0.0515  0.0494
  0.0516  0.0517  0.0439  0.0427  0.0467  0.0452
  0.0451  0.0457  0.0416  0.0412  0.0432  0.0420
  0.0431  0.0431  0.0418  0.0415  0.0413  0.0412
  0.0458  0.0418  0.0436  0.0437  0.0414  0.0419
  0.0525  0.0425  0.0465  0.0474  0.0443  0.0448
  0.0608  0.0447  0.0505  0.0498  0.0489  0.0492
niter,ni,del,rscale     3    3   12.0000    1.2000
parameters
   -2.7967   -2.9193   10.2474  -21.2699    0.7484   -5.3843
eta,q 0.95980 13.73778
  0.0601  0.0525  0.0470  0.0447  0.0497  0.0489
  0.0514  0.0453  0.0424  0.0423  0.0453  0.0447
  0.0441  0.0418  0.0402  0.0405  0.0420  0.0412
  0.0412  0.0412  0.0413  0.0406  0.0402  0.0402
  0.0438  0.0420  0.0433  0.0416  0.0410  0.0412
  0.0518  0.0439  0.0459  0.0456  0.0445  0.0445
  0.0615  0.0471  0.0500  0.0489  0.0495  0.0491
niter,ni,del,rscale     2    3   12.0000    1.2000
parameters
   -2.7108   -2.4197    9.7914  -22.0855    0.7674   -5.4010
eta,q 0.96027 13.74697
  0.0608  0.0519  0.0485  0.0454  0.0492  0.0487
  0.0521  0.0441  0.0429  0.0422  0.0450  0.0445
  0.0443  0.0409  0.0396  0.0406  0.0416  0.0408
  0.0402  0.0402  0.0402  0.0399  0.0397  0.0397
  0.0425  0.0412  0.0427  0.0410  0.0407  0.0409
  0.0505  0.0437  0.0459  0.0438  0.0445  0.0443
  0.0607  0.0471  0.0497  0.0478  0.0497  0.0490
niter,ni,del,rscale     1    3   12.0000    1.2000
parameters
   -2.6500   -2.1389    9.5798  -22.3484    0.7643   -5.4235
eta,q 0.96047 13.75704
  0.0606  0.0507  0.0497  0.0462  0.0491  0.0487
  0.0518  0.0435  0.0436  0.0426  0.0449  0.0444
  0.0440  0.0407  0.0396  0.0406  0.0414  0.0405
  0.0397  0.0397  0.0397  0.0396  0.0395  0.0395
  0.0422  0.0409  0.0422  0.0407  0.0406  0.0407
  0.0506  0.0440  0.0457  0.0431  0.0443  0.0442
  0.0608  0.0476  0.0496  0.0471  0.0498  0.0490
registration optimization eta report
parameter search radius
    6.0000    6.0000    6.0000    9.1253    6.0000    6.9000
100000*second partial in parameter space
       56.       26.       27.        8.       27.       19.
  0.0606  0.0507  0.0497  0.0462  0.0491  0.0487
  0.0518  0.0435  0.0436  0.0426  0.0449  0.0444
  0.0440  0.0407  0.0396  0.0406  0.0414  0.0405
  0.0397  0.0397  0.0397  0.0396  0.0395  0.0395
  0.0422  0.0409  0.0422  0.0407  0.0406  0.0407
  0.0506  0.0440  0.0457  0.0431  0.0443  0.0442
  0.0608  0.0476  0.0496  0.0471  0.0498  0.0490
   -2.6500   -2.1389    9.5798  -22.3484    0.7643   -5.4235
eta,q 0.96047 13.75704

---------------------------------------------------------------------
imgreg_4dfp /usr/local/freesurfer/average/711-2C_as_mni_average_305 /usr/local/freesurfer/average/711-2B_as_mni_average_305_mask talsrcimg_g11 none talsrcimg_to_711-2C_as_mni_average_305_t4 3335
---------------------------------------------------------------------

freesurfer imgreg_4dfp.c
/usr/local/freesurfer/average/711-2C_as_mni_average_305.4dfp.img
       256       256       256         1
  1.000000  1.000000  1.000000
orientation T byte_order littleendian
Reading image: /usr/local/freesurfer/average/711-2C_as_mni_average_305.4dfp.img
dimensions:      256       256       256
mmppix:       1.0000   -1.0000   -1.0000
center:     128.0000 -129.0000 -129.0000
/usr/local/freesurfer/average/711-2B_as_mni_average_305_mask.4dfp.img
       256       256       256         1
  1.000000  1.000000  1.000000
orientation T byte_order littleendian
Reading mask: /usr/local/freesurfer/average/711-2B_as_mni_average_305_mask.4dfp.img (2306576 pixels)
talsrcimg_g11.4dfp.img
       256       256       256         1
  1.000000  1.000000  1.000000
orientation T byte_order littleendian
Reading image: talsrcimg_g11.4dfp.img
dimensions:      256       256       256
mmppix:       1.0000   -1.0000   -1.0000
center:     128.0000 -129.0000 -129.0000
fimgreg.f
image alignment mode   3335 decimal      D07 hex
parameters
   -2.6500   -2.1389    9.5798   -0.4565   -7.9731   -7.5194
    9.2467    2.3656   -9.4508   37.9702    1.3340  -38.0204
eta,q 0.96226 13.84066
niter,ni,del,rscale     5    3    5.0000    1.2000
parameter  5  1.443352 ->  0.500000 qaram    1.1500
parameter  6  0.891666 ->  0.500000 qaram    1.1500
parameter 12 -0.711193 -> -0.500000 qaram    1.1500
parameters
   -2.3927   -1.5148    8.5749   -3.7115  -12.1131  -11.6594
    9.4202    2.7550   -8.5970   35.7777   -0.1615  -33.8804
eta,q 0.97078 13.53698
  0.0420  0.0407  0.0379  0.0378  0.0335  0.0305  0.0332  0.0354  0.0336  0.0322  0.0310  0.0340
  0.0399  0.0393  0.0373  0.0367  0.0340  0.0305  0.0318  0.0330  0.0322  0.0308  0.0304  0.0325
  0.0384  0.0383  0.0372  0.0364  0.0350  0.0317  0.0310  0.0313  0.0311  0.0302  0.0301  0.0311
  0.0377  0.0377  0.0376  0.0372  0.0363  0.0342  0.0307  0.0307  0.0306  0.0306  0.0302  0.0301
  0.0379  0.0376  0.0383  0.0393  0.0380  0.0376  0.0309  0.0309  0.0307  0.0320  0.0305  0.0294
  0.0388  0.0379  0.0394  0.0426  0.0400  0.0421  0.0317  0.0322  0.0314  0.0341  0.0312  0.0292
  0.0405  0.0387  0.0408  0.0461  0.0422  0.0473  0.0329  0.0346  0.0325  0.0367  0.0322  0.0295
niter,ni,del,rscale     7    3    5.0000    1.2000
parameters
   -2.3160   -2.1102    8.4067   -2.4630  -12.6144  -13.5586
    8.9638    2.8536   -8.5077   35.1685   -0.1713  -32.6462
eta,q 0.97160 13.44452
  0.0329  0.0308  0.0312  0.0339  0.0323  0.0325  0.0309  0.0329  0.0310  0.0317  0.0299  0.0318
  0.0309  0.0296  0.0299  0.0318  0.0303  0.0303  0.0295  0.0306  0.0297  0.0301  0.0291  0.0303
  0.0297  0.0290  0.0292  0.0301  0.0289  0.0287  0.0287  0.0291  0.0288  0.0289  0.0286  0.0291
  0.0292  0.0292  0.0290  0.0290  0.0288  0.0287  0.0285  0.0285  0.0285  0.0285  0.0285  0.0285
  0.0295  0.0301  0.0294  0.0288  0.0296  0.0307  0.0289  0.0288  0.0288  0.0292  0.0286  0.0285
  0.0306  0.0316  0.0304  0.0296  0.0311  0.0343  0.0300  0.0303  0.0296  0.0308  0.0291  0.0292
  0.0325  0.0336  0.0319  0.0317  0.0330  0.0393  0.0315  0.0328  0.0309  0.0331  0.0299  0.0304
niter,ni,del,rscale     6    3    5.0000    1.2000
parameters
   -2.3511   -2.1722    8.2561   -2.0113  -11.6871  -14.0530
    8.7744    2.8375   -8.4626   34.6666   -0.0405  -32.0788
eta,q 0.97162 13.44670
  0.0317  0.0313  0.0305  0.0326  0.0331  0.0339  0.0309  0.0327  0.0308  0.0316  0.0299  0.0314
  0.0298  0.0297  0.0293  0.0306  0.0309  0.0314  0.0295  0.0304  0.0295  0.0301  0.0291  0.0300
  0.0287  0.0287  0.0286  0.0291  0.0291  0.0294  0.0286  0.0290  0.0287  0.0288  0.0286  0.0289
  0.0284  0.0284  0.0284  0.0284  0.0283  0.0283  0.0284  0.0284  0.0284  0.0284  0.0284  0.0284
  0.0288  0.0288  0.0288  0.0285  0.0287  0.0292  0.0288  0.0288  0.0287  0.0290  0.0285  0.0286
  0.0300  0.0299  0.0297  0.0297  0.0298  0.0318  0.0297  0.0303  0.0295  0.0306  0.0290  0.0294
  0.0319  0.0316  0.0311  0.0319  0.0314  0.0360  0.0312  0.0329  0.0308  0.0328  0.0298  0.0307
niter,ni,del,rscale     5    3    5.0000    1.2000
parameters
   -2.3665   -2.1929    8.1896   -2.0198  -11.1773  -14.2135
    8.7371    2.8087   -8.4697   34.3880   -0.0095  -31.8344
eta,q 0.97157 13.44700
  0.0318  0.0313  0.0306  0.0321  0.0328  0.0342  0.0311  0.0327  0.0308  0.0318  0.0299  0.0312
  0.0299  0.0297  0.0294  0.0303  0.0306  0.0317  0.0296  0.0305  0.0295  0.0302  0.0291  0.0299
  0.0287  0.0287  0.0286  0.0290  0.0289  0.0296  0.0287  0.0290  0.0287  0.0290  0.0286  0.0289
  0.0284  0.0284  0.0284  0.0284  0.0284  0.0284  0.0284  0.0284  0.0284  0.0284  0.0284  0.0284
  0.0288  0.0288  0.0287  0.0287  0.0289  0.0289  0.0288  0.0288  0.0287  0.0290  0.0286  0.0287
  0.0300  0.0298  0.0296  0.0301  0.0300  0.0314  0.0297  0.0304  0.0295  0.0304  0.0290  0.0296
  0.0318  0.0314  0.0309  0.0324  0.0317  0.0354  0.0311  0.0329  0.0308  0.0326  0.0298  0.0310
niter,ni,del,rscale     4    3    5.0000    1.2000
parameters
   -2.3702   -2.2035    8.1759   -2.0600  -10.9599  -14.2636
    8.7262    2.8022   -8.4838   34.2571   -0.0063  -31.7161
eta,q 0.97154 13.44603
  0.0319  0.0313  0.0308  0.0321  0.0325  0.0343  0.0311  0.0327  0.0308  0.0319  0.0299  0.0312
  0.0299  0.0298  0.0295  0.0303  0.0304  0.0318  0.0296  0.0305  0.0295  0.0304  0.0291  0.0298
  0.0288  0.0288  0.0287  0.0290  0.0288  0.0297  0.0287  0.0290  0.0287  0.0290  0.0286  0.0289
  0.0284  0.0284  0.0284  0.0284  0.0284  0.0284  0.0285  0.0285  0.0285  0.0285  0.0285  0.0285
  0.0288  0.0288  0.0287  0.0288  0.0290  0.0289  0.0288  0.0288  0.0287  0.0289  0.0286  0.0288
  0.0300  0.0298  0.0295  0.0302  0.0302  0.0312  0.0297  0.0303  0.0296  0.0303  0.0291  0.0297
  0.0319  0.0314  0.0308  0.0325  0.0319  0.0352  0.0311  0.0329  0.0308  0.0324  0.0299  0.0311
niter,ni,del,rscale     3    3    5.0000    1.2000
parameters
   -2.3716   -2.2068    8.1760   -2.0761  -10.8706  -14.2814
    8.7269    2.7989   -8.4920   34.1969   -0.0068  -31.6585
eta,q 0.97152 13.44542
  0.0319  0.0314  0.0308  0.0322  0.0324  0.0343  0.0311  0.0327  0.0309  0.0320  0.0299  0.0312
  0.0300  0.0298  0.0295  0.0304  0.0303  0.0318  0.0296  0.0305  0.0295  0.0304  0.0291  0.0298
  0.0288  0.0288  0.0287  0.0290  0.0288  0.0298  0.0287  0.0291  0.0287  0.0291  0.0286  0.0289
  0.0285  0.0285  0.0285  0.0285  0.0285  0.0285  0.0285  0.0285  0.0285  0.0285  0.0285  0.0285
  0.0289  0.0288  0.0287  0.0288  0.0291  0.0289  0.0288  0.0288  0.0288  0.0289  0.0286  0.0288
  0.0300  0.0298  0.0295  0.0302  0.0303  0.0312  0.0297  0.0304  0.0296  0.0303  0.0291  0.0297
  0.0319  0.0314  0.0308  0.0325  0.0320  0.0351  0.0311  0.0329  0.0308  0.0324  0.0299  0.0311
niter,ni,del,rscale     2    3    5.0000    1.2000
parameters
   -2.3720   -2.2086    8.1769   -2.0851  -10.8309  -14.2898
    8.7259    2.7981   -8.4952   34.1723   -0.0143  -31.6324
eta,q 0.97152 13.44507
  0.0319  0.0314  0.0308  0.0322  0.0324  0.0343  0.0311  0.0327  0.0309  0.0320  0.0299  0.0311
  0.0300  0.0298  0.0295  0.0304  0.0302  0.0318  0.0297  0.0305  0.0296  0.0305  0.0291  0.0298
  0.0288  0.0288  0.0287  0.0291  0.0288  0.0298  0.0288  0.0291  0.0288  0.0291  0.0286  0.0289
  0.0285  0.0285  0.0285  0.0285  0.0285  0.0285  0.0285  0.0285  0.0285  0.0285  0.0285  0.0285
  0.0289  0.0288  0.0288  0.0288  0.0291  0.0289  0.0288  0.0288  0.0288  0.0289  0.0286  0.0288
  0.0300  0.0298  0.0296  0.0302  0.0304  0.0312  0.0297  0.0304  0.0296  0.0302  0.0291  0.0297
  0.0319  0.0314  0.0308  0.0325  0.0321  0.0351  0.0311  0.0329  0.0308  0.0323  0.0299  0.0311
registration optimization eta report
parameter search radius
    2.4000    2.4000    2.4000    7.2000    8.2800    8.2800
    7.2000    7.2000    7.2000    7.2000    7.2000    8.2800
100000*second partial in parameter space
       59.       50.       41.        7.        5.        9.
        5.        8.        5.        7.        3.        4.
  0.0319  0.0314  0.0308  0.0322  0.0324  0.0343  0.0311  0.0327  0.0309  0.0320  0.0299  0.0311
  0.0300  0.0298  0.0295  0.0304  0.0302  0.0318  0.0297  0.0305  0.0296  0.0305  0.0291  0.0298
  0.0288  0.0288  0.0287  0.0291  0.0288  0.0298  0.0288  0.0291  0.0288  0.0291  0.0286  0.0289
  0.0285  0.0285  0.0285  0.0285  0.0285  0.0285  0.0285  0.0285  0.0285  0.0285  0.0285  0.0285
  0.0289  0.0288  0.0288  0.0288  0.0291  0.0289  0.0288  0.0288  0.0288  0.0289  0.0286  0.0288
  0.0300  0.0298  0.0296  0.0302  0.0304  0.0312  0.0297  0.0304  0.0296  0.0302  0.0291  0.0297
  0.0319  0.0314  0.0308  0.0325  0.0321  0.0351  0.0311  0.0329  0.0308  0.0323  0.0299  0.0311
   -2.3720   -2.2086    8.1769   -2.0851  -10.8309  -14.2898
    8.7259    2.7981   -8.4952   34.1723   -0.0143  -31.6324
eta,q 0.97152 13.44507

---------------------------------------------------------------------
imgreg_4dfp /usr/local/freesurfer/average/711-2C_as_mni_average_305 /usr/local/freesurfer/average/711-2B_as_mni_average_305_mask talsrcimg_g11 none talsrcimg_to_711-2C_as_mni_average_305_t4 2311
---------------------------------------------------------------------

freesurfer imgreg_4dfp.c
/usr/local/freesurfer/average/711-2C_as_mni_average_305.4dfp.img
       256       256       256         1
  1.000000  1.000000  1.000000
orientation T byte_order littleendian
Reading image: /usr/local/freesurfer/average/711-2C_as_mni_average_305.4dfp.img
dimensions:      256       256       256
mmppix:       1.0000   -1.0000   -1.0000
center:     128.0000 -129.0000 -129.0000
/usr/local/freesurfer/average/711-2B_as_mni_average_305_mask.4dfp.img
       256       256       256         1
  1.000000  1.000000  1.000000
orientation T byte_order littleendian
Reading mask: /usr/local/freesurfer/average/711-2B_as_mni_average_305_mask.4dfp.img (2306576 pixels)
talsrcimg_g11.4dfp.img
       256       256       256         1
  1.000000  1.000000  1.000000
orientation T byte_order littleendian
Reading image: talsrcimg_g11.4dfp.img
dimensions:      256       256       256
mmppix:       1.0000   -1.0000   -1.0000
center:     128.0000 -129.0000 -129.0000
fimgreg.f
image alignment mode   2311 decimal      907 hex
parameters
   -2.3720   -2.2086    8.1769   -2.0851  -10.8309  -14.2898
    8.7259    2.7981   -8.4952   34.1723   -0.0143  -31.6324
eta,q 0.97152 13.44507
niter,ni,del,rscale     5    3    5.0000    0.8000
parameters
   -2.3836   -2.2042    8.1755   -1.8717  -11.1787  -13.6814
    8.6671    2.9204   -8.4875   34.4236   -0.0263  -31.8329
eta,q 0.97166 13.48167
  0.0300  0.0298  0.0296  0.0304  0.0297  0.0312  0.0296  0.0305  0.0295  0.0305  0.0290  0.0293
  0.0291  0.0291  0.0290  0.0294  0.0289  0.0301  0.0289  0.0293  0.0289  0.0295  0.0286  0.0288
  0.0286  0.0286  0.0286  0.0288  0.0285  0.0291  0.0285  0.0287  0.0285  0.0287  0.0284  0.0284
  0.0285  0.0285  0.0285  0.0285  0.0285  0.0284  0.0284  0.0284  0.0283  0.0283  0.0283  0.0283
  0.0287  0.0286  0.0286  0.0286  0.0288  0.0284  0.0285  0.0285  0.0285  0.0285  0.0284  0.0285
  0.0292  0.0291  0.0290  0.0291  0.0293  0.0290  0.0289  0.0291  0.0289  0.0291  0.0286  0.0289
  0.0300  0.0298  0.0296  0.0302  0.0300  0.0303  0.0296  0.0303  0.0295  0.0301  0.0290  0.0294
niter,ni,del,rscale     4    3    5.0000    0.7000
parameters
   -2.3776   -2.2091    8.2398   -1.8637  -11.5478  -13.5160
    8.6764    2.9450   -8.4649   34.5675   -0.0506  -31.9545
eta,q 0.97169 13.48165
  0.0295  0.0294  0.0293  0.0298  0.0293  0.0304  0.0293  0.0299  0.0292  0.0300  0.0288  0.0290
  0.0289  0.0288  0.0288  0.0290  0.0287  0.0294  0.0287  0.0290  0.0287  0.0291  0.0285  0.0286
  0.0285  0.0285  0.0285  0.0285  0.0284  0.0287  0.0284  0.0285  0.0284  0.0285  0.0284  0.0284
  0.0283  0.0283  0.0283  0.0283  0.0283  0.0283  0.0283  0.0283  0.0283  0.0283  0.0283  0.0283
  0.0285  0.0285  0.0284  0.0285  0.0286  0.0284  0.0284  0.0284  0.0284  0.0285  0.0284  0.0284
  0.0289  0.0288  0.0287  0.0289  0.0290  0.0291  0.0287  0.0289  0.0287  0.0290  0.0285  0.0287
  0.0295  0.0294  0.0291  0.0298  0.0296  0.0302  0.0292  0.0299  0.0292  0.0298  0.0288  0.0291
niter,ni,del,rscale     3    3    5.0000    0.6000
parameters
   -2.3774   -2.2113    8.2667   -1.7907  -11.7412  -13.4162
    8.6631    2.9746   -8.4565   34.6430   -0.0917  -32.0151
eta,q 0.97172 13.48448
  0.0292  0.0291  0.0290  0.0294  0.0291  0.0299  0.0290  0.0294  0.0289  0.0295  0.0286  0.0288
  0.0287  0.0287  0.0286  0.0288  0.0286  0.0291  0.0286  0.0288  0.0286  0.0289  0.0284  0.0285
  0.0284  0.0284  0.0284  0.0284  0.0283  0.0285  0.0284  0.0284  0.0284  0.0284  0.0283  0.0284
  0.0283  0.0283  0.0283  0.0283  0.0283  0.0283  0.0283  0.0283  0.0283  0.0283  0.0283  0.0283
  0.0284  0.0284  0.0284  0.0284  0.0285  0.0284  0.0284  0.0284  0.0284  0.0284  0.0283  0.0284
  0.0287  0.0287  0.0286  0.0287  0.0288  0.0289  0.0286  0.0288  0.0286  0.0288  0.0284  0.0286
  0.0292  0.0291  0.0289  0.0293  0.0292  0.0298  0.0290  0.0295  0.0289  0.0294  0.0287  0.0289
niter,ni,del,rscale     2    3    5.0000    0.5000
parameters
   -2.3756   -2.2114    8.2779   -1.7475  -11.8650  -13.3494
    8.6566    3.0223   -8.4596   34.6885   -0.1093  -32.0507
eta,q 0.97173 13.48659
  0.0289  0.0288  0.0287  0.0290  0.0289  0.0294  0.0288  0.0291  0.0287  0.0292  0.0285  0.0287
  0.0286  0.0285  0.0285  0.0286  0.0285  0.0288  0.0285  0.0287  0.0285  0.0287  0.0284  0.0285
  0.0284  0.0284  0.0283  0.0284  0.0283  0.0284  0.0283  0.0284  0.0283  0.0284  0.0283  0.0283
  0.0283  0.0283  0.0283  0.0283  0.0283  0.0283  0.0283  0.0283  0.0283  0.0283  0.0283  0.0283
  0.0284  0.0283  0.0283  0.0283  0.0284  0.0284  0.0283  0.0283  0.0283  0.0284  0.0283  0.0283
  0.0286  0.0285  0.0285  0.0286  0.0286  0.0287  0.0285  0.0286  0.0285  0.0287  0.0284  0.0285
  0.0289  0.0288  0.0287  0.0290  0.0289  0.0294  0.0288  0.0291  0.0287  0.0291  0.0285  0.0287
niter,ni,del,rscale     1    3    5.0000    0.4000
parameters
   -2.3730   -2.2147    8.2878   -1.7185  -11.9500  -13.2997
    8.6510    3.0516   -8.4578   34.7000   -0.1577  -32.0708
eta,q 0.97173 13.48789
  0.0287  0.0286  0.0286  0.0288  0.0287  0.0290  0.0286  0.0288  0.0286  0.0288  0.0284  0.0285
  0.0285  0.0284  0.0284  0.0285  0.0284  0.0286  0.0284  0.0285  0.0284  0.0285  0.0283  0.0284
  0.0283  0.0283  0.0283  0.0283  0.0283  0.0284  0.0283  0.0283  0.0283  0.0283  0.0283  0.0283
  0.0283  0.0283  0.0283  0.0283  0.0283  0.0283  0.0283  0.0283  0.0283  0.0283  0.0283  0.0283
  0.0283  0.0283  0.0283  0.0283  0.0283  0.0283  0.0283  0.0283  0.0283  0.0283  0.0283  0.0283
  0.0285  0.0284  0.0284  0.0285  0.0285  0.0286  0.0284  0.0285  0.0284  0.0285  0.0283  0.0284
  0.0287  0.0286  0.0286  0.0287  0.0287  0.0290  0.0286  0.0288  0.0286  0.0288  0.0284  0.0285
registration optimization eta report
parameter search radius
    0.8000    0.8000    0.8000    2.4000    2.4000    2.4000
    2.4000    2.4000    2.4000    2.4000    2.4000    2.4000
100000*second partial in parameter space
       61.       56.       44.        8.        7.       13.
        5.        9.        5.       10.        3.        5.
  0.0287  0.0286  0.0286  0.0288  0.0287  0.0290  0.0286  0.0288  0.0286  0.0288  0.0284  0.0285
  0.0285  0.0284  0.0284  0.0285  0.0284  0.0286  0.0284  0.0285  0.0284  0.0285  0.0283  0.0284
  0.0283  0.0283  0.0283  0.0283  0.0283  0.0284  0.0283  0.0283  0.0283  0.0283  0.0283  0.0283
  0.0283  0.0283  0.0283  0.0283  0.0283  0.0283  0.0283  0.0283  0.0283  0.0283  0.0283  0.0283
  0.0283  0.0283  0.0283  0.0283  0.0283  0.0283  0.0283  0.0283  0.0283  0.0283  0.0283  0.0283
  0.0285  0.0284  0.0284  0.0285  0.0285  0.0286  0.0284  0.0285  0.0284  0.0285  0.0283  0.0284
  0.0287  0.0286  0.0286  0.0287  0.0287  0.0290  0.0286  0.0288  0.0286  0.0288  0.0284  0.0285
   -2.3730   -2.2147    8.2878   -1.7185  -11.9500  -13.2997
    8.6510    3.0516   -8.4578   34.7000   -0.1577  -32.0708
eta,q 0.97173 13.48789

---------------------------------------------------------------------
imgreg_4dfp /usr/local/freesurfer/average/711-2C_as_mni_average_305 /usr/local/freesurfer/average/711-2B_as_mni_average_305_mask talsrcimg_g11 none talsrcimg_to_711-2C_as_mni_average_305_t4 2311
---------------------------------------------------------------------

freesurfer imgreg_4dfp.c
/usr/local/freesurfer/average/711-2C_as_mni_average_305.4dfp.img
       256       256       256         1
  1.000000  1.000000  1.000000
orientation T byte_order littleendian
Reading image: /usr/local/freesurfer/average/711-2C_as_mni_average_305.4dfp.img
dimensions:      256       256       256
mmppix:       1.0000   -1.0000   -1.0000
center:     128.0000 -129.0000 -129.0000
/usr/local/freesurfer/average/711-2B_as_mni_average_305_mask.4dfp.img
       256       256       256         1
  1.000000  1.000000  1.000000
orientation T byte_order littleendian
Reading mask: /usr/local/freesurfer/average/711-2B_as_mni_average_305_mask.4dfp.img (2306576 pixels)
talsrcimg_g11.4dfp.img
       256       256       256         1
  1.000000  1.000000  1.000000
orientation T byte_order littleendian
Reading image: talsrcimg_g11.4dfp.img
dimensions:      256       256       256
mmppix:       1.0000   -1.0000   -1.0000
center:     128.0000 -129.0000 -129.0000
fimgreg.f
image alignment mode   2311 decimal      907 hex
parameters
   -2.3730   -2.2147    8.2878   -1.7185  -11.9500  -13.2997
    8.6510    3.0516   -8.4578   34.7000   -0.1577  -32.0708
eta,q 0.97173 13.48789
niter,ni,del,rscale     5    3    5.0000    0.8000
parameters
   -2.3592   -2.2164    8.2921   -1.8725  -11.7539  -13.5075
    8.6862    2.9374   -8.4679   34.6434   -0.0852  -32.0070
eta,q 0.97171 13.47560
  0.0299  0.0297  0.0294  0.0300  0.0300  0.0306  0.0295  0.0302  0.0294  0.0302  0.0290  0.0293
  0.0290  0.0289  0.0288  0.0291  0.0290  0.0295  0.0288  0.0292  0.0288  0.0292  0.0286  0.0288
  0.0285  0.0284  0.0284  0.0285  0.0285  0.0286  0.0284  0.0285  0.0284  0.0285  0.0284  0.0284
  0.0283  0.0283  0.0283  0.0283  0.0283  0.0283  0.0283  0.0283  0.0283  0.0283  0.0283  0.0283
  0.0285  0.0284  0.0284  0.0285  0.0285  0.0286  0.0284  0.0285  0.0284  0.0286  0.0284  0.0284
  0.0290  0.0289  0.0288  0.0292  0.0290  0.0296  0.0288  0.0292  0.0288  0.0293  0.0286  0.0287
  0.0298  0.0297  0.0294  0.0304  0.0296  0.0312  0.0295  0.0305  0.0294  0.0304  0.0289  0.0293
niter,ni,del,rscale     4    3    5.0000    0.7000
parameters
   -2.3728   -2.2113    8.2690   -1.8143  -11.7272  -13.4768
    8.6795    2.9495   -8.4632   34.6505   -0.0761  -32.0144
eta,q 0.97172 13.48093
  0.0295  0.0294  0.0291  0.0297  0.0295  0.0303  0.0292  0.0298  0.0292  0.0299  0.0288  0.0291
  0.0288  0.0288  0.0287  0.0290  0.0288  0.0293  0.0287  0.0290  0.0287  0.0291  0.0285  0.0286
  0.0284  0.0284  0.0284  0.0285  0.0284  0.0286  0.0284  0.0285  0.0284  0.0285  0.0283  0.0284
  0.0283  0.0283  0.0283  0.0283  0.0283  0.0283  0.0283  0.0283  0.0283  0.0283  0.0283  0.0283
  0.0284  0.0284  0.0284  0.0284  0.0285  0.0285  0.0284  0.0284  0.0284  0.0285  0.0283  0.0284
  0.0288  0.0288  0.0287  0.0289  0.0289  0.0292  0.0287  0.0289  0.0287  0.0290  0.0285  0.0286
  0.0295  0.0294  0.0292  0.0297  0.0294  0.0304  0.0292  0.0299  0.0292  0.0299  0.0288  0.0291
niter,ni,del,rscale     3    3    5.0000    0.6000
parameters
   -2.3750   -2.2116    8.2682   -1.7758  -11.7969  -13.4105
    8.6637    2.9801   -8.4613   34.6732   -0.0957  -32.0443
eta,q 0.97172 13.48443
  0.0292  0.0291  0.0289  0.0294  0.0292  0.0298  0.0290  0.0294  0.0289  0.0295  0.0286  0.0288
  0.0287  0.0286  0.0286  0.0288  0.0286  0.0291  0.0286  0.0288  0.0286  0.0289  0.0284  0.0285
  0.0284  0.0284  0.0284  0.0284  0.0284  0.0285  0.0284  0.0284  0.0284  0.0284  0.0283  0.0283
  0.0283  0.0283  0.0283  0.0283  0.0283  0.0283  0.0283  0.0283  0.0283  0.0283  0.0283  0.0283
  0.0284  0.0284  0.0284  0.0284  0.0284  0.0284  0.0284  0.0284  0.0284  0.0284  0.0283  0.0283
  0.0287  0.0286  0.0286  0.0287  0.0287  0.0289  0.0286  0.0288  0.0286  0.0288  0.0284  0.0285
  0.0292  0.0291  0.0289  0.0294  0.0292  0.0298  0.0290  0.0294  0.0289  0.0295  0.0287  0.0289
niter,ni,del,rscale     2    3    5.0000    0.5000
parameters
   -2.3742   -2.2143    8.2774   -1.7415  -11.8811  -13.3441
    8.6591    3.0215   -8.4561   34.6965   -0.1225  -32.0555
eta,q 0.97173 13.48678
  0.0289  0.0288  0.0287  0.0290  0.0289  0.0294  0.0288  0.0291  0.0287  0.0292  0.0285  0.0287
  0.0285  0.0285  0.0285  0.0286  0.0285  0.0288  0.0285  0.0287  0.0285  0.0287  0.0284  0.0285
  0.0283  0.0283  0.0283  0.0284  0.0283  0.0284  0.0283  0.0284  0.0283  0.0284  0.0283  0.0283
  0.0283  0.0283  0.0283  0.0283  0.0283  0.0283  0.0283  0.0283  0.0283  0.0283  0.0283  0.0283
  0.0284  0.0283  0.0283  0.0283  0.0284  0.0284  0.0283  0.0283  0.0283  0.0284  0.0283  0.0283
  0.0286  0.0285  0.0285  0.0286  0.0286  0.0287  0.0285  0.0286  0.0285  0.0287  0.0284  0.0285
  0.0289  0.0288  0.0287  0.0290  0.0289  0.0294  0.0288  0.0291  0.0287  0.0291  0.0285  0.0287
niter,ni,del,rscale     1    3    5.0000    0.4000
parameters
   -2.3727   -2.2124    8.2844   -1.7149  -11.9606  -13.2975
    8.6462    3.0537   -8.4551   34.7040   -0.1403  -32.0775
eta,q 0.97173 13.48810
  0.0287  0.0286  0.0286  0.0288  0.0287  0.0290  0.0286  0.0288  0.0286  0.0288  0.0284  0.0285
  0.0285  0.0284  0.0284  0.0285  0.0284  0.0286  0.0284  0.0285  0.0284  0.0285  0.0283  0.0284
  0.0283  0.0283  0.0283  0.0283  0.0283  0.0284  0.0283  0.0283  0.0283  0.0283  0.0283  0.0283
  0.0283  0.0283  0.0283  0.0283  0.0283  0.0283  0.0283  0.0283  0.0283  0.0283  0.0283  0.0283
  0.0283  0.0283  0.0283  0.0283  0.0283  0.0283  0.0283  0.0283  0.0283  0.0283  0.0283  0.0283
  0.0285  0.0284  0.0284  0.0285  0.0285  0.0286  0.0284  0.0285  0.0284  0.0285  0.0283  0.0284
  0.0287  0.0286  0.0286  0.0287  0.0287  0.0290  0.0286  0.0288  0.0286  0.0288  0.0284  0.0285
registration optimization eta report
parameter search radius
    0.8000    0.8000    0.8000    2.4000    2.4000    2.4000
    2.4000    2.4000    2.4000    2.4000    2.4000    2.4000
100000*second partial in parameter space
       62.       57.       45.        8.        7.       13.
        5.        9.        5.       10.        3.        5.
  0.0287  0.0286  0.0286  0.0288  0.0287  0.0290  0.0286  0.0288  0.0286  0.0288  0.0284  0.0285
  0.0285  0.0284  0.0284  0.0285  0.0284  0.0286  0.0284  0.0285  0.0284  0.0285  0.0283  0.0284
  0.0283  0.0283  0.0283  0.0283  0.0283  0.0284  0.0283  0.0283  0.0283  0.0283  0.0283  0.0283
  0.0283  0.0283  0.0283  0.0283  0.0283  0.0283  0.0283  0.0283  0.0283  0.0283  0.0283  0.0283
  0.0283  0.0283  0.0283  0.0283  0.0283  0.0283  0.0283  0.0283  0.0283  0.0283  0.0283  0.0283
  0.0285  0.0284  0.0284  0.0285  0.0285  0.0286  0.0284  0.0285  0.0284  0.0285  0.0283  0.0284
  0.0287  0.0286  0.0286  0.0287  0.0287  0.0290  0.0286  0.0288  0.0286  0.0288  0.0284  0.0285
   -2.3727   -2.2124    8.2844   -1.7149  -11.9606  -13.2975
    8.6462    3.0537   -8.4551   34.7040   -0.1403  -32.0775
eta,q 0.97173 13.48810

---------------------------------------------------------------------
compute_vox2vox talsrcimg talsrcimg_to_711-2C_as_mni_average_305_t4 /usr/local/freesurfer/average/711-2C_as_mni_average_305
---------------------------------------------------------------------

freesurfer compute_vox2vox.c
Reading: talsrcimg.4dfp.ifh
Reading: talsrcimg_to_711-2C_as_mni_average_305_t4
Reading: /usr/local/freesurfer/average/711-2C_as_mni_average_305.4dfp.ifh
Writing: talsrcimg_to_711-2C_as_mni_average_305_t4_vox2vox.txt

start time Sun Nov 16 18:46:07 UTC 2025
end		time Sun Nov 16 18:46:28 UTC 2025

mpr2mni305 success

avi2talxfm orig_nu.mgz /usr/local/freesurfer/average/mni305.cor.mgz talsrcimg_to_711-2C_as_mni_average_305_t4_vox2vox.txt transforms/talairach.auto.xfm
avi2talxfm done
mv -f /subjects/001/mri/talsrcimg_to_711-2C_as_mni_average_305_t4_vox2vox.txt /subjects/001/mri/transforms/talsrcimg_to_711-2C_as_mni_average_305_t4_vox2vox.txt
lta_convert --src orig_nu.mgz --trg /usr/local/freesurfer/average/mni305.cor.mgz --inxfm transforms/talairach.auto.xfm --outlta transforms/talairach.auto.xfm.lta --subject fsaverage
7.4.1

--src: orig_nu.mgz src image (geometry).
--trg: /usr/local/freesurfer/average/mni305.cor.mgz trg image (geometry).
--inmni: transforms/talairach.auto.xfm input MNI/XFM transform.
--outlta: transforms/talairach.auto.xfm.lta output LTA.
--s: fsaverage subject name
 LTA read, type : 1
 1.00904   0.00360  -0.09778   2.58035;
 0.03271   1.00669   0.36358   0.62278;
 0.08401  -0.39648   0.98315   20.93887;
 0.00000   0.00000   0.00000   1.00000;
setting subject to fsaverage
Writing  LTA to file transforms/talairach.auto.xfm.lta...
lta_convert successful.
 
 
Started at Sun Nov 16 18:46:06 UTC 2025
Ended   at Sun Nov 16 18:46:29 UTC 2025
talairach_avi done
